Beat    Tag    Timestamp    Global Rate    Window Rate    Instant Rate
0    0    1520297616175341812    0.000000    0.000000    0.000000
1    1    1520297616176763647    1406.632978    703.316467    703.316489
2    2    1520297616180278185    607.733654    405.155762    284.532419
3    3    1520297616185651061    388.001105    291.000824    186.120059
4    4    1520297616186936920    431.216337    344.973083    777.690244
5    5    1520297616188200038    466.627356    388.856110    791.691671
6    6    1520297616189502489    494.326648    423.708557    767.783203
7    7    1520297616195783698    391.353322    342.434143    159.205019
8    8    1520297616197078621    414.044214    368.039307    772.246690
9    9    1520297616198337912    434.856345    391.370697    794.097631
10    10    1520297616199600623    453.443493    412.221375    791.946851
11    11    1520297616205927817    392.336299    342.886505    158.047944
12    12    1520297616209041133    385.764449    347.669525    321.200932
13    13    1520297616210430548    398.988439    403.559601    719.727367
14    14    1520297616215904166    369.801023    345.217499    182.694518
15    15    1520297616217187159    382.360314    344.980804    779.427479
16    16    1520297616218440219    394.446133    345.569611    798.046382
17    17    1520297616219692778    405.853618    418.251129    798.365586
18    18    1520297616226060554    374.614970    345.042542    157.040700
19    19    1520297616227318171    384.790324    345.062469    795.154646
20    20    1520297616228563124    394.578773    345.274048    803.243175
21    21    1520297616234861609    369.624917    345.616638    158.768339
22    22    1520297616237995557    367.096971    345.370361    319.086341
23    23    1520297616239300205    375.243950    346.384430    766.490272
24    24    1520297616240655978    382.765356    404.010803    737.586602
25    25    1520297616246244791    366.698274    344.143646    178.928871
26    26    1520297616247487857    374.240889    344.262085    804.462514
27    27    1520297616248754063    381.407730    344.100403    789.760908
28    28    1520297616255049701    363.828479    344.956665    158.840137
29    29    1520297616256315958    370.488625    344.853882    789.729099
30    30    1520297616257609909    376.816787    344.272186    772.826792
31    31    1520297616258871378    383.097884    416.497131    792.726575
32    32    1520297616266523515    361.914714    350.533325    130.682449
33    33    1520297616267785049    367.793265    351.063873    792.685730
34    34    1520297616269057262    373.470970    352.096741    786.031899
35    35    1520297616275009097    361.201772    347.653107    168.015410
36    36    1520297616276282342    366.552464    347.288727    785.394798
37    37    1520297616277558935    371.757675    347.163483    783.335018
38    38    1520297616278833947    376.840230    420.446381    784.306344
39    39    1520297616285152168    364.264369    346.786224    158.272400
40    40    1520297616286496523    368.855262    346.181091    743.851141
41    41    1520297616287751952    373.631774    346.253479    796.540465
42    42    1520297616295318470    358.403049    347.283051    132.161187
43    43    1520297616296591553    362.887373    347.143799    785.494740
44    44    1520297616297879641    367.233534    346.952606    776.344473
45    45    1520297616299168619    371.486604    413.915466    775.808431
46    46    1520297616305488319    361.131475    342.395660    158.235359
47    47    1520297616306745861    365.285548    342.619171    795.202069
48    48    1520297616308017241    369.322341    342.661774    786.546902
49    49    1520297616309335303    373.152454    413.511322    758.689652
50    50    1520297616315639141    363.513692    343.140076    158.633518
51    51    1520297616316919846    367.288615    342.842712    780.819939
52    52    1520297616320110617    366.100970    403.353516    313.403876
53    53    1520297616325615762    359.343719    344.539948    181.648258
54    54    1520297616326905201    362.884469    344.523926    775.531064
55    55    1520297616328147697    366.478032    345.076538    804.831565
56    56    1520297616329414416    369.955453    417.953674    789.441068
57    57    1520297616335723571    361.637136    345.092834    158.499831
58    58    1520297616336992014    364.985625    345.127808    788.368102
59    59    1520297616338264713    368.272352    345.669006    785.731740
60    60    1520297616339512369    371.564799    418.879272    801.502978
61    61    1520297616345814191    363.695282    346.088470    158.684266
62    62    1520297616348959281    362.866711    346.636505    317.955925
63    63    1520297616350387965    365.617861    403.678284    699.944844
64    64    1520297616355922542    359.949813    344.621521    180.682282
65    65    1520297616357213595    362.893017    344.045807    774.561540
66    66    1520297616358476342    365.851268    344.092834    791.924273
67    67    1520297616359725676    368.795829    416.630127    800.426467
68    68    1520297616366056795    361.796430    344.059021    157.949961
69    69    1520297616367321846    364.621250    344.149567    790.481965
70    70    1520297616368640495    367.307210    343.310791    758.351919
71    71    1520297616374974294    360.662750    342.934326    157.883128
72    72    1520297616378093039    360.047143    343.244415    320.641797
73    73    1520297616379356897    362.718276    345.197388    791.228128
74    74    1520297616384867599    357.951167    345.482117    181.465084
75    75    1520297616386255298    360.337319    344.332428    720.617367
76    76    1520297616387522191    362.898777    344.283264    789.332643
77    77    1520297616388823393    365.371100    343.669556    768.520184
78    78    1520297616395130080    359.436838    343.958374    158.561857
79    79    1520297616396394470    361.904719    343.966187    790.895214
80    80    1520297616397660463    364.341901    344.590332    789.893783
81    81    1520297616398968531    366.682480    416.766724    764.486250
82    82    1520297616406510558    359.045076    351.895599    132.590350
83    83    1520297616407773846    361.395968    351.902649    791.585133
84    84    1520297616409034951    363.724842    413.781372    792.955384
85    85    1520297616414991703    358.856829    347.990631    167.876722
86    86    1520297616416298399    361.060891    347.509308    765.288942
87    87    1520297616417567263    363.297910    347.900269    788.106527
88    88    1520297616418874422    365.454138    421.152954    765.017875
89    89    1520297616425180242    360.232811    347.393829    158.583658
90    90    1520297616426480810    362.349140    346.977081    768.894821
91    91    1520297616427728375    364.520198    347.707031    801.561442
92    92    1520297616435419483    357.585485    345.913940    130.020278
93    93    1520297616436725818    359.624146    345.399597    765.500427
94    94    1520297616438037880    361.634648    344.792755    762.159105
95    95    1520297616439287112    363.711724    411.600372    800.491822
96    96    1520297616445626305    358.881114    340.972198    157.748786
97    97    1520297616446908109    360.869523    340.821808    780.150475
98    98    1520297616448167273    362.869358    341.380249    794.177724
99    99    1520297616449484564    364.773459    411.449432    759.133707
100    100    1520297616455759708    360.176727    341.542908    159.358893
101    101    1520297616457041657    362.087526    341.142273    780.062233
102    102    1520297616460234272    361.539930    402.985474    313.222860
103    103    1520297616465665722    358.220582    345.543640    184.112898
104    104    1520297616466978930    360.036475    345.529968    761.493990
105    105    1520297616468253535    361.883775    345.227295    784.556784
106    106    1520297616469524543    363.719514    418.440887    786.777109
107    107    1520297616475814928    359.433155    345.939117    158.972781
108    108    1520297616477144721    361.162854    345.095947    751.996739
109    109    1520297616478407404    362.957732    345.747528    791.964412
110    110    1520297616479681608    364.723909    418.027008    784.803689
111    111    1520297616485966449    360.563802    345.724182    159.113015
112    112    1520297616489053430    360.203427    346.991394    323.941093
113    113    1520297616490388359    361.851292    404.487579    749.103510
114    114    1520297616495936071    358.708856    345.337982    180.254490
115    115    1520297616497215904    360.389366    345.275604    781.351942
116    116    1520297616498467271    362.088461    345.509949    799.126076
117    117    1520297616499715964    363.777444    418.391937    800.837356
118    118    1520297616506079346    359.801921    345.606689    157.149139
119    119    1520297616507343040    361.444446    345.594635    791.330813
120    120    1520297616508596867    363.085265    345.838135    797.558196
121    121    1520297616514869418    359.322770    345.985199    159.424770
122    122    1520297616517951933    359.008659    346.038696    324.410425
123    123    1520297616519263340    360.547363    346.320587    762.539776
124    124    1520297616524909208    357.584836    345.147308    177.120684
125    125    1520297616526241565    359.076913    344.522736    750.549590
126    126    1520297616527521881    360.610981    344.179474    781.057177
127    127    1520297616528819413    362.116297    343.601868    770.693902
128    128    1520297616535112878    358.561352    344.429321    158.894981
129    129    1520297616536359913    360.092748    344.627075    801.902112
130    130    1520297616537623636    361.596943    344.509583    791.312653
131    131    1520297616538886129    363.091909    416.376770    792.083600
132    132    1520297616546552257    358.287332    349.646362    130.443948
133    133    1520297616547804157    359.767912    350.375397    798.785846
134    134    1520297616549095514    361.200436    413.457123    774.379200
135    135    1520297616555072459    358.148601    346.850128    167.309554
136    136    1520297616556383978    359.540261    346.475159    762.474657
137    137    1520297616557655447    360.960184    346.788330    786.491845
138    138    1520297616558917528    362.379562    420.085999    792.342171
139    139    1520297616565265159    359.044928    345.957977    157.539088
140    140    1520297616566567036    360.406209    345.501923    768.121720
141    141    1520297616567815256    361.807919    345.672363    801.140825
142    142    1520297616575335566    357.505582    347.423553    132.973242
143    143    1520297616576602115    358.869290    347.246857    789.547029
144    144    1520297616577881763    360.212694    347.388062    781.464903
145    145    1520297616579134518    361.571662    415.592010    798.240678
146    146    1520297616585434999    358.455114    344.221985    158.718041
147    147    1520297616586694405    359.788664    344.364990    794.025120
148    148    1520297616587996445    361.076765    343.891754    768.025560
149    149    1520297616589266479    362.384781    416.643738    787.380495
150    150    1520297616595578984    359.320903    344.685577    158.415716
151    151    1520297616596846118    360.613161    344.460999    789.182517
152    152    1520297616599915800    360.361219    406.830933    325.766643
153    153    1520297616605621348    357.906865    344.599060    175.268002
154    154    1520297616606886250    359.175061    344.774231    790.575080
155    155    1520297616608178570    360.413013    344.304565    773.802154
156    156    1520297616609492840    361.625310    415.664917    760.878663
157    157    1520297616615761448    358.748764    344.032257    159.525049
158    158    1520297616617113896    359.914095    343.436676    739.399962
159    159    1520297616618374503    361.147164    343.547882    793.268640
160    160    1520297616619635400    362.372999    415.689545    793.086192
161    161    1520297616625949123    359.514806    343.607117    158.385156
162    162    1520297616629016923    359.287949    343.629364    325.966491
163    163    1520297616630359215    360.425775    404.238556    744.994383
164    164    1520297616635932348    358.235758    344.280334    179.432287
165    165    1520297616637205475    359.413423    344.507965    785.467593
166    166    1520297616638484489    360.580029    344.926910    781.852271
167    167    1520297616639744400    361.755090    416.962830    793.706857
168    168    1520297616646076000    359.013652    345.278778    157.937962
169    169    1520297616647342814    360.168727    345.204803    789.381867
170    170    1520297616648598144    361.326386    345.271149    796.603284
171    171    1520297616654863550    358.690725    345.848114    159.606576
172    172    1520297616657953909    358.465942    345.578491    323.587001
173    173    1520297616659244170    359.576673    346.200989    775.036989
174    174    1520297616660598169    360.634121    405.419312    738.552983
175    175    1520297616666130754    358.606287    345.718353    180.747336
176    176    1520297616667436426    359.686928    345.400024    765.889136
177    177    1520297616668742759    360.761367    344.847076    765.501599
178    178    1520297616675032777    358.221406    345.342285    158.982057
179    179    1520297616676297093    359.313509    345.372070    790.941505
180    180    1520297616677609887    360.365329    344.688019    761.734133
181    181    1520297616678891623    361.433956    416.179871    780.191865
182    182    1520297616686517781    357.998050    350.092590    131.127627
183    183    1520297616687782977    359.065611    350.400055    790.391370
184    184    1520297616689047998    360.128036    351.495941    790.500711
185    185    1520297616695006998    357.922765    346.305420    167.813392
186    186    1520297616696282309    358.966141    346.669922    784.122461
187    187    1520297616697559723    360.002972    347.017822    782.831564
188    188    1520297616698812647    361.051633    420.523743    798.133007
189    189    1520297616705139484    358.627472    346.711914    158.056862
190    190    1520297616706394196    359.663200    347.411499    796.995645
191    191    1520297616707689023    360.666866    347.253571    772.303945
192    192    1520297616710926775    360.353657    409.685028    308.856268
193    193    1520297616715810863    358.947473    356.787537    204.746516
194    194    1520297616717182645    359.884284    355.433624    728.978803
195    195    1520297616718438392    360.893453    426.777832    796.338753
196    196    1520297616719692961    361.898749    427.155975    797.086489
197    197    1520297616726044329    359.540757    351.066833    157.446396
198    198    1520297616727351061    360.501206    350.404877    765.267859
199    199    1520297616728647706    361.463708    425.383087    771.221113
200    200    1520297616734966690    359.169165    349.986938    158.253289
201    201    1520297616736271639    360.116347    349.863007    766.313473
202    202    1520297616739714962    359.691102    347.364685    290.417135
203    203    1520297616741187662    360.522216    394.060730    679.024920
204    204    1520297616742708755    361.318195    391.755737    657.421999
205    205    1520297616744171549    362.147030    388.603699    683.623258
206    206    1520297616745572107    363.011229    386.411530    714.001134
207    207    1520297616750501753    361.638538    408.873779    202.854323
208    208    1520297616752007238    362.428525    405.577881    664.237771
209    209    1520297616753526637    363.205658    401.946533    658.154968
210    210    1520297616759942757    360.929967    400.383301    155.857434
211    211    1520297616761462437    361.700290    396.970367    658.033270
212    212    1520297616767444937    359.734632    360.620605    167.154200
213    213    1520297616768729662    360.641021    363.081848    778.376695
214    214    1520297616775826066    358.044359    301.956879    140.916442
215    215    1520297616777169796    358.906541    303.046387    744.197123
216    216    1520297616778429779    359.814839    304.342926    793.661502
217    217    1520297616779683025    360.723372    342.685547    797.927941
218    218    1520297616786047239    358.601693    293.772034    157.128594
219    219    1520297616787326569    359.486078    295.858582    781.659150
220    220    1520297616788610998    360.363777    348.818054    778.556074
221    221    1520297616794892204    358.324364    299.134583    159.205095
222    222    1520297616798140309    358.061237    325.782013    307.871821
223    223    1520297616799399807    358.940999    326.049988    793.967120
224    224    1520297616800779340    359.748160    400.748993    724.882986
225    225    1520297616806158523    358.265715    344.961670    185.901837
226    226    1520297616807449022    359.116296    344.598938    774.894053
227    227    1520297616808721996    359.973371    344.364838    785.561999
228    228    1520297616815053319    357.973864    344.755310    157.944872
229    229    1520297616816325445    358.823515    344.840973    786.085655
230    230    1520297616817608226    359.663833    344.860565    779.556292
231    231    1520297616818925711    360.481361    416.085754    759.021924
232    232    1520297616826569674    357.785675    351.748962    130.822193
233    233    1520297616827838103    358.622728    351.638519    788.376803
234    234    1520297616829125775    359.445954    352.778046    776.595282
235    235    1520297616835131688    357.689635    345.146973    166.502578
236    236    1520297616836431004    358.499281    345.041962    769.635716
237    237    1520297616837712823    359.315242    344.936676    780.141346
238    238    1520297616838980605    360.135668    417.932922    788.779143
239    239    1520297616845282525    358.240655    345.338684    158.681799
240    240    1520297616846547748    359.055227    345.548218    790.374503
241    241    1520297616847809465    359.868611    346.215363    792.570759
242    242    1520297616855508241    357.265501    345.559601    129.890777
243    243    1520297616856873175    358.017273    344.411072    732.636157
244    244    1520297616858199008    358.786583    343.959015    754.242804
245    245    1520297616859450007    359.592243    411.212616    799.361151
246    246    1520297616865756981    357.755755    340.994598    158.554641
247    247    1520297616867046576    358.534469    340.904205    775.437250
248    248    1520297616868313413    359.322084    340.915192    789.367535
249    249    1520297616869600034    360.096564    411.226318    777.229658
250    250    1520297616875872587    358.299748    341.007843    159.424719
251    251    1520297616877153124    359.070872    340.789124    780.922379
252    252    1520297616880670179    358.698178    397.425690    284.328792
253    253    1520297616882198437    359.337369    394.862640    654.339778
254    254    1520297616883702261    359.986219    392.106842    664.971433
255    255    1520297616885124837    360.673602    389.486511    702.950141
256    256    1520297616890137985    359.543055    410.155365    199.475459
257    257    1520297616891619448    360.195526    406.952820    675.008421
258    258    1520297616893092840    360.849361    403.560577    678.706006
259    259    1520297616894560940    361.503177    400.626495    681.152510
260    260    1520297616901074474    359.636563    396.795685    153.526488
261    261    1520297616902542837    360.285521    393.860321    681.030508
262    262    1520297616907859269    359.035812    367.794586    188.096076
263    263    1520297616916009286    356.435255    295.763062    122.699131
264    264    1520297616917361377    357.133440    297.096344    739.595190
265    265    1520297616918639226    357.864826    298.379303    782.565076
266    266    1520297616925029816    356.148156    286.600037    156.480075
267    267    1520297616926372546    356.842920    287.744141    744.751365
268    268    1520297616927693369    357.545615    289.012909    757.103715
269    269    1520297616928966272    358.268626    290.652618    785.605816
270    270    1520297616935278338    356.608731    292.364624    158.426734
271    271    1520297616936603508    357.301571    293.593750    754.620162
272    272    1520297616940275995    356.893451    308.482727    272.295041
273    273    1520297616945701887    355.677830    336.784241    184.301494
274    274    1520297616946999233    356.375760    337.406342    770.804396
275    275    1520297616948308658    357.065767    337.047241    763.693988
276    276    1520297616949623461    357.750956    406.609100    760.570215
277    277    1520297616955941491    356.136452    338.192657    158.277185
278    278    1520297616957245359    356.821504    338.386688    766.948802
279    279    1520297616958509243    357.522528    338.489990    791.211852
280    280    1520297616959772418    358.221617    408.261902    791.655946
281    281    1520297616966089903    356.624320    339.139465    158.290839
282    282    1520297616969620369    356.298175    340.780823    283.248727
283    283    1520297616971109371    356.888135    393.584808    671.590770
284    284    1520297616976149653    355.890621    343.048218    198.401597
285    285    1520297616977438796    356.565360    343.287079    775.709134
286    286    1520297616978702692    357.249161    343.888062    791.204340
287    287    1520297616985059225    355.679643    343.433319    157.318463
288    288    1520297616986322689    356.358588    343.910522    791.474866
289    289    1520297616987622556    357.019420    343.485474    769.309476
290    290    1520297616988952809    357.664782    342.695892    751.736700
291    291    1520297616995228001    356.146992    343.193298    159.357674
292    292    1520297616998348334    356.011760    348.092865    320.478616
293    293    1520297616999608093    356.680853    350.892914    793.802624
294    294    1520297617001040541    357.273167    401.753448    698.105621
295    295    1520297617002553820    357.828461    398.168030    660.816677
296    296    1520297617004001093    358.410274    395.281921    690.954644
297    297    1520297617005468613    358.981302    489.970612    681.421718
298    298    1520297617010669037    357.943559    410.739227    192.292013
299    299    1520297617012139399    358.509638    407.882874    680.104627
300    300    1520297617013657673    359.053209    404.778564    658.642643
301    301    1520297617020125889    357.487799    401.640503    154.602134
302    302    1520297617027397045    355.610749    344.249359    137.529713
303    303    1520297617028654586    356.258583    344.275635    795.202701
304    304    1520297617029999721    356.867931    345.313660    743.419805
305    305    1520297617036095781    355.502282    298.134033    164.040380
306    306    1520297617037377588    356.133711    299.612061    780.148650
307    307    1520297617038677093    356.755952    301.127899    769.523780
308    308    1520297617044973180    355.322969    291.509979    158.828809
309    309    1520297617046263284    355.944835    293.049866    775.131307
310    310    1520297617047525986    356.576064    295.261230    791.952496
311    311    1520297617048782989    357.207799    348.953674    795.543050
312    312    1520297617056533867    355.200661    343.208313    129.017642
313    313    1520297617057836505    355.809505    342.677917    767.672984
314    314    1520297617059140929    356.415835    343.156677    766.621896
315    315    1520297617065125832    355.142364    344.470642    167.087086
316    316    1520297617066399816    355.756863    344.563477    784.939214
317    317    1520297617067667022    356.372314    344.947357    789.137678
318    318    1520297617068986495    356.965141    416.435638    757.878335
319    319    1520297617075260060    355.587856    344.865936    159.399002
320    320    1520297617076585765    356.174373    344.118225    754.315628
321    321    1520297617077866862    356.776801    343.833160    780.581018
322    322    1520297617085282767    354.968087    347.839386    134.845309
323    323    1520297617086566593    355.565396    348.067169    778.921754
324    324    1520297617087841246    356.164604    348.428192    784.527240
325    325    1520297617089124904    356.758626    416.682770    779.023696
326    326    1520297617095399675    355.412429    344.829254    159.368366
327    327    1520297617096666518    356.009122    344.833588    789.363796
328    328    1520297617097977402    356.587155    344.935730    762.844005
329    329    1520297617099238428    357.182821    417.042572    793.005061
330    330    1520297617105589787    355.819103    344.779755    157.446619
331    331    1520297617106873335    356.402324    344.750641    779.090459
332    332    1520297617110009846    356.276226    404.414917    318.825600
333    333    1520297617115657889    355.199712    343.745453    177.052476
334    334    1520297617116938294    355.778729    343.677490    781.002886
335    335    1520297617118240884    356.347789    343.454010    767.701272
336    336    1520297617119498640    356.932228    414.955566    795.066770
337    337    1520297617125825300    355.608492    342.949860    158.061284
338    338    1520297617127108185    356.179846    343.279480    779.493096
339    339    1520297617128366411    356.758892    343.312469    794.769779
340    340    1520297617129640483    357.330478    415.788391    784.884999
341    341    1520297617135910559    356.039067    344.385529    159.487700
342    342    1520297617139066579    355.910745    344.154327    316.854773
343    343    1520297617140425736    356.445685    403.749268    735.750175
344    344    1520297617145913921    355.460451    345.117645    182.209601
345    345    1520297617147178468    356.026908    345.571350    790.797021
346    346    1520297617148483855    356.576928    345.003479    766.056350
347    347    1520297617149763261    357.134996    417.746552    781.612717
348    348    1520297617156055634    355.863242    345.453583    158.922556
349    349    1520297617157340129    356.416089    345.140381    778.516071
350    350    1520297617158668570    356.951539    344.493927    752.762072
351    351    1520297617164976219    355.686906    344.048615    158.537674
352    352    1520297617168082321    355.581340    344.640503    321.946929
353    353    1520297617169370885    356.126405    345.481018    776.057689
