Beat    Tag    Timestamp    Global Rate    Window Rate    Instant Rate
0    0    1520297987734772641    0.000000    0.000000    0.000000
1    1    1520297987736106826    1499.042487    749.521240    749.521243
2    2    1520297987739022038    705.982519    470.654999    343.028226
3    3    1520297987740147653    744.184385    558.138306    888.403228
4    4    1520297987741247818    772.179664    617.743713    908.954566
5    5    1520297987742345551    792.297809    660.248169    910.968332
6    6    1520297987743479518    803.962201    689.110474    881.859878
7    7    1520297987744575292    816.105766    714.092529    912.596941
8    8    1520297987745673111    825.652472    733.913330    910.896969
9    9    1520297987746769873    833.525600    750.173035    911.774843
10    10    1520297987747883735    838.984146    762.712891    897.777283
11    11    1520297987748979629    844.654757    776.831604    912.497012
12    12    1520297987751721405    767.017583    787.440796    364.727097
13    13    1520297987752857087    774.145915    786.817139    880.528176
14    14    1520297987753970175    781.350355    786.017822    898.401564
15    15    1520297987755061592    788.606567    786.408264    916.240081
16    16    1520297987756179612    794.133836    787.395752    894.438382
17    17    1520297987757274201    799.944537    787.469238    913.584916
18    18    1520297987758400348    804.140664    785.716431    887.983540
19    19    1520297987759502209    808.748459    785.401794    907.555490
20    20    1520297987760591372    813.362981    786.928345    918.136220
21    21    1520297987761722904    816.318564    784.727661    883.757596
22    22    1520297987764542214    772.600937    779.981995    354.696717
23    23    1520297987765673593    776.675100    780.243835    883.877109
24    24    1520297987766770384    781.305106    781.237244    911.750735
25    25    1520297987767893560    785.002373    779.303711    890.332415
26    26    1520297987768988689    789.103406    780.696350    913.134434
27    27    1520297987770145945    791.557385    776.895508    864.113040
28    28    1520297987771244373    795.136354    778.572144    910.391942
29    29    1520297987772360576    798.128442    777.703674    895.894385
30    30    1520297987773478159    800.919393    775.988586    894.788128
31    31    1520297987774569876    804.075962    778.393494    915.988301
32    32    1520297987777287182    776.205017    784.623413    368.011553
33    33    1520297987778381769    779.653287    786.894958    913.586586
34    34    1520297987779503926    782.450135    785.327393    891.140901
35    35    1520297987780600713    785.544720    786.958374    911.754060
36    36    1520297987781698390    788.479689    786.800537    911.014807
37    37    1520297987782789724    791.385016    790.902771    916.309764
38    38    1520297987783914570    793.619640    789.253662    889.010585
39    39    1520297987785003346    796.325674    790.965881    918.462567
40    40    1520297987786170703    797.695446    787.864136    856.635973
41    41    1520297987787277279    799.929332    786.942871    903.688495
42    42    1520297987789993144    778.696275    787.032043    368.206814
43    43    1520297987791097254    781.186015    786.442688    905.706859
44    44    1520297987792221095    783.310896    786.338562    889.805586
45    45    1520297987793355068    785.218407    784.045898    881.855212
46    46    1520297987794470221    787.301596    782.973083    896.737936
47    47    1520297987795580086    789.377024    781.838684    901.010483
48    48    1520297987796675734    791.559801    783.627563    912.701890
49    49    1520297987797806653    793.222554    781.048157    884.236625
50    50    1520297987798942676    794.763475    782.964417    880.263868
51    51    1520297987800059189    796.488735    782.355713    895.645640
52    52    1520297987802805945    779.030223    780.469482    364.065829
53    53    1520297987803918822    780.954193    779.935852    898.571900
54    54    1520297987805031702    782.817180    780.603088    898.569477
55    55    1520297987806124424    784.843737    783.124817    915.145847
56    56    1520297987807225703    786.716233    783.976624    908.035112
57    57    1520297987808374974    788.018499    781.562195    870.116796
58    58    1520297987809472427    789.828233    781.451904    911.200753
59    59    1520297987810571089    791.572936    783.426697    910.198041
60    60    1520297987811682897    793.132193    784.915710    899.435874
61    61    1520297987812771928    794.879061    786.612549    918.247506
62    62    1520297987815512869    780.280184    786.972534    364.838207
63    63    1520297987816653160    781.626702    785.278381    876.969125
64    64    1520297987817753165    783.316336    786.073120    909.086777
65    65    1520297987818847361    785.015995    785.981995    913.913047
66    66    1520297987819980076    786.316358    784.044861    882.834605
67    67    1520297987821075892    787.919333    787.344666    912.561963
68    68    1520297987822173799    789.463224    787.316467    910.823959
69    69    1520297987823284845    790.851395    786.549622    900.052743
70    70    1520297987824454364    791.688625    782.995361    855.052376
71    71    1520297987825548728    793.160428    782.668579    913.772748
72    72    1520297987828205776    781.307402    787.841553    376.357522
73    73    1520297987829303668    782.811764    790.482117    910.836403
74    74    1520297987830402862    784.270905    790.532715    909.757513
75    75    1520297987831582980    785.040118    785.199402    847.372890
76    76    1520297987832678300    786.471393    787.511719    912.975204
77    77    1520297987833811199    787.572048    785.218567    882.691220
78    78    1520297987834919722    788.839767    784.564636    902.101264
79    79    1520297987836026520    790.093187    784.826172    903.507234
80    80    1520297987837123354    791.396539    789.328918    911.714991
81    81    1520297987838248676    792.454021    787.404846    888.634542
82    82    1520297987840928359    781.870271    786.003967    373.178469
83    83    1520297987842027643    783.180257    785.917908    909.683030
84    84    1520297987843117345    784.533040    786.504700    917.682082
85    85    1520297987844229200    785.699832    790.750122    899.397853
86    86    1520297987845352197    786.763875    789.023254    890.474329
87    87    1520297987846448233    787.996718    791.324951    912.378790
88    88    1520297987847595537    788.846973    788.903931    871.608571
89    89    1520297987848688891    790.054097    789.741516    914.616858
90    90    1520297987849828571    790.919686    787.078247    877.439281
91    91    1520297987850920592    792.093181    789.146606    915.733305
92    92    1520297987853686803    782.076739    783.794678    361.505323
93    93    1520297987854819215    783.029427    781.764709    883.070826
94    94    1520297987855948738    783.983000    779.338623    885.329471
95    95    1520297987857045789    785.127410    780.238831    911.534651
96    96    1520297987858176587    786.036453    779.764160    884.331242
97    97    1520297987859278175    787.113607    779.426697    907.780404
98    98    1520297987860378857    788.177553    782.269409    908.527622
99    99    1520297987861514504    789.005287    779.689880    880.555313
100    100    1520297987862616076    790.028835    782.013367    907.793590
101    101    1520297987863734487    790.931606    780.402832    894.125684
102    102    1520297987866362992    782.732162    788.880676    380.444397
103    103    1520297987867514458    783.475790    787.696655    868.458122
104    104    1520297987868646725    784.319092    787.526367    883.183913
105    105    1520297987869745611    785.342428    787.412598    910.012504
106    106    1520297987870845290    786.344653    789.346802    909.356276
107    107    1520297987871993623    787.051648    786.445007    870.827539
108    108    1520297987873127373    787.829938    784.405029    882.028666
109    109    1520297987874220840    788.823382    787.008911    914.522340
110    110    1520297987875346378    789.621179    785.527283    888.464006
111    111    1520297987876449083    790.533687    786.497620    906.860856
112    112    1520297987878963914    783.681270    793.592712    397.641034
113    113    1520297987880098483    784.444105    794.658325    881.391965
114    114    1520297987881196738    785.389853    796.811951    910.535349
115    115    1520297987882294666    786.323263    796.872742    910.806537
116    116    1520297987883410014    787.150618    795.879028    896.581157
117    117    1520297987884502533    788.085789    799.430176    915.315889
118    118    1520297987885618247    788.886088    800.584534    896.287041
119    119    1520297987886718518    789.754894    800.148682    908.866997
120    120    1520297987887827134    790.568102    801.233521    902.025589
121    121    1520297987888928076    791.409009    801.346741    908.313063
122    122    1520297987891601577    784.294041    791.285583    374.041379
123    123    1520297987892740628    784.969172    791.005005    877.923816
124    124    1520297987893872964    785.667795    788.878296    883.130096
125    125    1520297987895003089    786.367395    786.879700    884.857870
126    126    1520297987896136246    787.042406    785.778503    882.490246
127    127    1520297987897268465    787.712551    783.334839    883.221356
128    128    1520297987898362977    788.555138    784.638062    913.649188
129    129    1520297987899466899    789.341423    784.413330    905.861103
130    130    1520297987900561650    790.160945    785.267334    913.449725
131    131    1520297987901652369    790.988825    785.898315    916.826424
132    132    1520297987904178710    785.095840    795.093811    395.829383
133    133    1520297987905272677    785.923588    797.954102    914.104356
134    134    1520297987906386421    786.650116    799.139648    897.872402
135    135    1520297987907492091    787.404082    800.704468    904.428989
136    136    1520297987908627667    788.012881    800.549438    880.610369
137    137    1520297987909722381    788.797971    802.960266    913.480599
138    138    1520297987910818811    789.565601    802.836670    912.050929
139    139    1520297987911965875    790.097888    800.065552    871.790938
140    140    1520297987913102778    790.668377    797.376465    879.582515
141    141    1520297987914194708    791.429964    797.299438    915.809621
142    142    1520297987916720719    785.938503    797.320435    395.881095
143    143    1520297987917815562    786.700732    797.264771    913.372968
144    144    1520297987918913559    787.440410    798.266968    910.749301
145    145    1520297987920027530    788.103357    797.738342    897.689437
146    146    1520297987921126854    788.820374    800.052002    909.649930
147    147    1520297987922225155    789.533289    799.822510    910.497213
148    148    1520297987923387101    789.971246    795.653198    860.625193
149    149    1520297987924497697    790.617766    797.968506    900.417434
150    150    1520297987925648299    791.090921    797.097229    869.110257
151    151    1520297987926744079    791.784453    796.852661    912.591944
152    152    1520297987929235189    786.783890    799.075012    401.427476
153    153    1520297987930335977    787.468669    798.695557    908.440136
154    154    1520297987931445255    788.111760    797.976562    901.487274
155    155    1520297987932575021    788.665940    796.972046    885.139046
156    156    1520297987933712852    789.181831    794.533752    878.865139
157    157    1520297987934808730    789.857474    794.686707    912.510334
158    158    1520297987935969022    790.272664    794.791199    861.852017
159    159    1520297987937062320    790.944950    795.885437    914.663706
160    160    1520297987938163341    791.579949    799.038452    908.247890
161    161    1520297987939259188    792.228156    799.034180    912.536148
162    162    1520297987941941462    786.797932    787.012878    372.817990
163    163    1520297987943039687    787.450550    787.171631    910.560222
164    164    1520297987944154861    788.032527    786.806458    896.721050
165    165    1520297987945251357    788.678319    788.871460    911.996031
166    166    1520297987946372154    789.226769    789.932922    892.222231
167    167    1520297987947491209    789.775907    788.489380    893.611127
168    168    1520297987948590013    790.394150    792.330811    910.080415
169    169    1520297987949689606    791.003167    791.935791    909.427397
170    170    1520297987950788587    791.608227    792.063782    909.933839
171    171    1520297987951909103    792.128592    790.519165    892.445980
172    172    1520297987954547009    787.170959    793.301514    379.088565
173    173    1520297987955687123    787.635099    790.674072    877.105272
174    174    1520297987956788964    788.230332    791.508545    907.571964
175    175    1520297987957889919    788.822818    791.229248    908.302338
176    176    1520297987959023964    789.293002    790.400757    881.799223
177    177    1520297987960174086    789.702125    788.464600    869.472978
178    178    1520297987961268713    790.300681    788.724426    913.553201
179    179    1520297987962366551    790.882322    788.833557    910.881205
180    180    1520297987963514857    791.283757    785.776184    870.848014
181    181    1520297987964620628    791.827687    786.687683    904.346379
182    182    1520297987967343637    786.856500    781.455872    367.240799
183    183    1520297987968441055    787.440617    784.071899    911.229814
184    184    1520297987969534133    788.033840    784.611023    914.847797
185    185    1520297987970634391    788.597558    784.653870    908.877736
186    186    1520297987971749444    789.106772    785.824951    896.818358
187    187    1520297987972844359    789.678008    789.249023    913.312906
188    188    1520297987973944723    790.226010    788.891785    908.790182
189    189    1520297987975055292    790.735408    788.100220    900.439324
190    190    1520297987976165707    791.240623    790.460693    900.564203
191    191    1520297987977317483    791.606197    787.596619    868.224377
192    192    1520297987979847171    787.515537    799.773926    395.305666
193    193    1520297987980944339    788.067847    799.789917    911.437446
194    194    1520297987982047028    788.597648    799.175598    906.874014
195    195    1520297987983145307    789.136756    799.301941    910.515452
196    196    1520297987984258843    789.622827    799.398926    898.040117
197    197    1520297987985372961    790.102742    798.173645    897.570993
198    198    1520297987986507777    790.513407    795.984802    881.200124
199    199    1520297987987652556    790.889225    793.823181    873.531048
200    200    1520297987988788538    791.289059    792.215271    880.295638
201    201    1520297987989888296    791.797744    795.493530    909.290953
202    202    1520297987992437433    787.845318    794.264587    392.289626
203    203    1520297987993540375    788.351766    793.900513    906.665990
204    204    1520297987994633914    788.882459    794.477661    914.462127
205    205    1520297987995759950    789.310410    792.729553    888.071074
206    206    1520297987996865610    789.796082    793.224731    904.437169
207    207    1520297987997997383    790.199274    792.115417    883.569408
208    208    1520297987999108488    790.660829    793.606018    900.004950
209    209    1520297988000275596    790.951649    792.202209    856.818735
210    210    1520297988001378970    791.429074    794.253906    906.311006
211    211    1520297988002515592    791.804226    791.935181    879.799969
212    212    1520297988005212143    787.606834    782.796631    370.844089
213    213    1520297988006331138    788.043837    781.814209    893.659042
214    214    1520297988007481236    788.387326    778.372314    869.491122
215    215    1520297988008616170    788.771605    777.833618    881.108505
216    216    1520297988009722118    789.235908    777.816223    904.201644
217    217    1520297988010824766    789.705930    779.582275    906.907735
218    218    1520297988011945340    790.121108    779.007141    892.399788
219    219    1520297988013046837    790.587137    783.009277    907.855400
220    220    1520297988014162692    791.008839    782.244751    896.173786
221    221    1520297988015261196    791.476144    784.584229    910.328956
222    222    1520297988017953492    787.482625    784.846252    371.430184
223    223    1520297988019049303    787.964789    786.276978    912.566127
224    224    1520297988020176338    788.356992    787.705322    887.283891
225    225    1520297988021277245    788.818039    789.822327    908.341940
226    226    1520297988022382135    789.264627    789.888306    905.067473
227    227    1520297988023499656    789.673249    788.961487    894.837770
228    228    1520297988024630702    790.041854    788.310120    884.137338
229    229    1520297988025730492    790.492503    788.416260    909.264496
230    230    1520297988026832908    790.932647    789.252502    907.098591
231    231    1520297988027983411    791.239694    786.026672    869.185043
232    232    1520297988030625625    787.553321    789.133179    378.470480
233    233    1520297988031750112    787.938557    787.351440    889.294407
234    234    1520297988032844575    788.400293    789.375793    913.690093
235    235    1520297988033939421    788.857640    789.753662    913.370465
236    236    1520297988035054108    789.259498    789.143127    897.112822
237    237    1520297988036167024    789.663024    789.429993    898.540411
238    238    1520297988037260206    790.115124    791.796753    914.760763
239    239    1520297988038352762    790.565598    792.250549    915.284892
240    240    1520297988039464131    790.964001    791.689026    899.791158
241    241    1520297988040566201    791.383573    794.736328    907.383379
242    242    1520297988043167153    787.951765    797.351013    384.474608
243    243    1520297988044289360    788.325751    797.496033    891.101196
244    244    1520297988045401011    788.723837    796.404297    899.562902
245    245    1520297988046495447    789.162664    796.430298    913.712634
246    246    1520297988047609779    789.548203    796.452820    897.398621
247    247    1520297988048704565    789.980187    797.604553    913.420522
248    248    1520297988049805574    790.393555    797.106995    908.257789
249    249    1520297988050901762    790.816105    796.876221    912.252278
250    250    1520297988052016024    791.190655    796.692627    897.454997
251    251    1520297988053119493    791.589420    796.603760    906.232980
252    252    1520297988055782972    788.136629    792.655640    375.448802
253    253    1520297988056882586    788.550630    794.077698    909.410029
254    254    1520297988058012166    788.888673    792.948792    885.284796
255    255    1520297988059103272    789.317985    793.158203    916.501238
256    256    1520297988060225645    789.668545    792.652649    890.969401
257    257    1520297988061330295    790.059571    792.033386    905.264111
258    258    1520297988062429727    790.460549    792.132385    909.560573
259    259    1520297988063562248    790.779254    789.859070    882.985834
260    260    1520297988064698104    791.087774    788.514160    880.393289
261    261    1520297988065790678    791.497655    789.192200    915.269812
262    262    1520297988068391557    788.324604    793.110413    384.485399
263    263    1520297988069527726    788.636265    790.817688    880.150752
264    264    1520297988070669269    788.933195    790.070251    876.007299
265    265    1520297988071784023    789.290850    788.596802    897.058903
266    266    1520297988072926162    789.582197    787.369507    875.550174
267    267    1520297988074042726    789.931125    786.631592    895.604730
268    268    1520297988075178590    790.232958    784.383728    880.387089
269    269    1520297988076294233    790.579589    785.423462    896.344081
270    270    1520297988077408052    790.928174    786.785339    897.811943
271    271    1520297988078543968    791.223638    784.111389    880.346786
272    272    1520297988081166653    788.119859    782.772949    381.288641
273    273    1520297988082265901    788.504502    785.041809    909.712822
274    274    1520297988083387770    788.835530    786.256165    891.369670
275    275    1520297988084508594    789.166792    785.881104    892.200738
276    276    1520297988085614499    789.529509    788.125305    904.236802
277    277    1520297988086715399    789.901180    789.099548    908.347716
278    278    1520297988087831237    790.237097    790.348450    896.187439
279    279    1520297988088922847    790.624981    791.852539    916.078086
280    280    1520297988090024096    790.989019    792.641541    908.059848
281    281    1520297988091125332    791.350836    794.826416    908.070568
282    282    1520297988093864537    788.099100    787.532776    365.069427
283    283    1520297988094988687    788.415739    785.991333    889.561002
284    284    1520297988096108205    788.740518    786.136658    893.241556
285    285    1520297988097211678    789.098223    787.210449    906.229695
286    286    1520297988098316131    789.451628    787.300354    905.425582
287    287    1520297988099465650    789.705294    784.298279    869.929075
288    288    1520297988100569962    790.054993    785.007935    905.541188
289    289    1520297988101706213    790.333788    782.266541    880.087234
290    290    1520297988102864683    790.563139    778.780579    863.207506
291    291    1520297988103980796    790.881772    777.879395    895.966627
292    292    1520297988106657340    787.878611    781.689575    373.616126
293    293    1520297988107785892    788.175753    781.420654    886.091204
294    294    1520297988108888113    788.526597    782.478271    907.259071
295    295    1520297988109986818    788.882772    782.770264    910.162418
296    296    1520297988111090189    789.227081    782.836609    906.313470
297    297    1520297988112241909    789.468244    782.701721    868.266593
298    298    1520297988113360781    789.776457    781.810791    893.757284
299    299    1520297988114458553    790.126761    784.169800    910.935968
300    300    1520297988115609072    790.365562    784.659058    869.172956
301    301    1520297988116751231    790.620228    783.058655    875.534842
302    302    1520297988119462870    787.646728    780.912598    368.780653
303    303    1520297988120569341    787.979783    782.261536    903.774252
304    304    1520297988121669986    788.322804    782.357971    908.558164
305    305    1520297988122789509    788.625509    781.085754    893.237566
306    306    1520297988123915247    788.913872    779.723572    888.306160
307    307    1520297988125061196    789.159703    780.074585    872.639184
308    308    1520297988126162522    789.494095    781.143738    907.996361
309    309    1520297988127278839    789.796445    780.013794    895.802895
310    310    1520297988128389060    790.109317    782.473389    900.721568
311    311    1520297988129490316    790.438381    784.985718    908.054076
312    312    1520297988132242302    787.481488    782.507385    363.373942
313    313    1520297988133362417    787.777356    781.672791    892.765475
314    314    1520297988134500218    788.036698    779.409119    878.888312
315    315    1520297988135614093    788.341621    779.752380    897.766805
316    316    1520297988136722520    788.655543    780.806396    902.179395
317    317    1520297988137821315    788.986593    783.691772    910.087869
318    318    1520297988138958205    789.241449    781.513611    879.592573
319    319    1520297988140079853    789.524564    781.188110    891.545298
320    320    1520297988141197485    789.813922    780.736145    894.748898
321    321    1520297988142299484    790.132001    780.690857    907.441840
322    322    1520297988145040237    787.291034    781.376038    364.863233
323    323    1520297988146143406    787.610661    782.412109    906.479424
324    324    1520297988147250161    787.921727    784.317261    903.542338
325    325    1520297988148367775    788.210434    784.087280    894.763308
326    326    1520297988149471406    788.524171    784.382263    906.099956
327    327    1520297988150578606    788.829472    783.865479    903.179191
328    328    1520297988151716833    789.074428    783.783386    878.559373
329    329    1520297988152818554    789.386978    785.009399    907.670817
330    330    1520297988153960318    789.622449    783.525146    875.837739
331    331    1520297988155061729    789.932476    783.561218    907.926287
332    332    1520297988157762085    787.253689    786.049377    370.321543
333    333    1520297988158903126    787.493500    783.716248    876.392698
334    334    1520297988160024961    787.767601    782.791138    891.396685
335    335    1520297988161145188    788.043232    782.631042    892.676217
336    336    1520297988162249016    788.347660    782.618958    905.938244
337    337    1520297988163363988    788.630014    782.143188    896.883509
338    338    1520297988164467836    788.931326    784.252075    905.921830
339    339    1520297988165565200    789.242973    784.520081    911.274655
340    340    1520297988166670944    789.537717    786.743286    904.368461
341    341    1520297988167793489    789.800310    785.437378    890.832884
342    342    1520297988170549380    787.100295    782.026245    362.859054
343    343    1520297988171690909    787.332609    781.996399    876.018042
344    344    1520297988172793081    787.634477    783.200684    907.299405
345    345    1520297988173894329    787.936487    784.366577    908.060673
346    346    1520297988175034515    788.167272    782.136108    877.049885
347    347    1520297988176158055    788.426597    781.612244    890.043968
348    348    1520297988177275653    788.695196    780.773132    894.776118
349    349    1520297988178375577    788.993876    780.617126    909.153723
350    350    1520297988179539362    789.177750    777.096313    859.265242
351    351    1520297988180645038    789.463538    778.116333    904.424081
352    352    1520297988183324502    786.977005    782.771362    373.208970
353    353    1520297988184428773    787.268259    785.060974    905.574809
