Beat    Tag    Timestamp    Global Rate    Window Rate    Instant Rate
0    0    1520297991852567495    0.000000    0.000000    0.000000
1    1    1520297991854815067    889.849135    444.924561    444.924567
2    2    1520297991864611628    249.083932    166.055954    102.076637
3    3    1520297991866533716    286.405320    214.803986    520.267542
4    4    1520297991871611475    262.550160    210.040131    196.937271
5    5    1520297991873523870    286.309059    238.590881    522.904525
6    6    1520297991880484817    250.740383    214.920334    143.658614
7    7    1520297991882431599    267.880128    234.395111    513.668197
8    8    1520297991884327588    283.374485    251.888443    527.429220
9    9    1520297991891264230    258.419735    232.577774    144.161973
10    10    1520297991893187635    270.801627    246.183304    519.911303
11    11    1520297991900113301    252.388192    220.759155    144.390446
12    12    1520297991904371138    250.947602    251.512161    234.861034
13    13    1520297991906357053    260.273565    251.109039    503.546224
14    14    1520297991911682415    253.743048    249.557404    187.780662
15    15    1520297991913593821    262.181931    249.563568    523.175087
16    16    1520297991920526344    250.151382    249.740723    144.247628
17    17    1520297991922456598    257.550880    249.843842    518.066534
18    18    1520297991924403133    264.492674    249.528732    513.733378
19    19    1520297991931313861    253.979974    249.690201    144.702555
20    20    1520297991933211878    260.402513    249.848572    526.865671
21    21    1520297991940194362    251.064551    249.494400    143.215509
22    22    1520297991944532897    250.094052    248.993073    230.492551
23    23    1520297991946525290    255.433836    248.952927    501.909011
24    24    1520297991951720803    252.134805    249.760315    192.473775
25    25    1520297991953657209    257.197285    249.604462    516.420627
26    26    1520297991960572466    249.988494    249.712067    144.607785
27    27    1520297991962514864    254.667304    249.636368    514.827548
28    28    1520297991964396228    259.325124    250.043167    531.529252
29    29    1520297991971322705    252.620496    249.944733    144.373539
30    30    1520297991973255404    256.860859    249.728271    517.411144
31    31    1520297991980151584    250.814974    250.267639    145.007816
32    32    1520297991984515062    250.099344    250.111511    229.174984
33    33    1520297991986456035    253.942570    250.433594    515.205518
34    34    1520297991991671628    251.610065    250.307724    191.732752
35    35    1520297991993596592    255.266472    250.379440    519.490235
36    36    1520297992000523099    250.075016    250.308929    144.372914
37    37    1520297992002433371    253.560057    250.510361    523.485661
38    38    1520297992004338860    256.965469    250.359055    524.799671
39    39    1520297992011249186    252.076971    250.460342    144.710973
40    40    1520297992013273048    255.124974    249.889771    494.104835
41    41    1520297992020189571    250.563655    249.762802    144.581316
42    42    1520297992024512827    250.079485    250.013977    231.307144
43    43    1520297992026443802    253.053454    250.076477    517.873095
44    44    1520297992031611142    251.335363    250.378601    193.523167
45    45    1520297992033579948    254.126162    250.104080    507.922060
46    46    1520297992040536775    250.040858    249.914566    143.743692
47    47    1520297992042457168    252.778359    249.851349    520.726747
48    48    1520297992044343024    255.507052    249.973969    530.263180
49    49    1520297992051338213    251.546105    249.444809    142.955394
50    50    1520297992053305137    254.062962    249.799591    508.408052
51    51    1520297992060235211    250.400019    249.715073    144.298603
52    52    1520297992064520933    250.054920    249.949356    233.332913
53    53    1520297992066426331    252.503011    250.109238    524.824735
54    54    1520297992071698524    250.991383    249.455048    189.674392
55    55    1520297992073588443    253.369649    249.946915    529.123206
56    56    1520297992080485526    250.089911    250.320724    144.988831
57    57    1520297992082460999    252.290730    249.976059    506.207880
58    58    1520297992084345079    254.554383    249.987152    530.763025
59    59    1520297992091283552    251.344634    250.342087    144.123930
60    60    1520297992093184924    253.514470    250.753586    525.936008
61    61    1520297992100108701    250.463351    250.793198    144.429839
62    62    1520297992104419574    250.146833    250.635117    231.971575
63    63    1520297992106403560    252.131233    250.142395    504.035815
64    64    1520297992111680402    250.855894    250.113312    189.507285
65    65    1520297992113593672    252.848204    249.967316    522.665384
66    66    1520297992120533041    250.032144    249.703384    144.105321
67    67    1520297992122463232    251.949144    249.986053    518.083444
68    68    1520297992124349286    253.880143    249.973709    530.207513
69    69    1520297992131281149    251.153824    250.015015    144.261362
70    70    1520297992133298516    252.911131    249.292053    495.695627
71    71    1520297992140221768    250.300471    249.295319    144.440792
72    72    1520297992144475946    250.078406    249.648163    235.063037
73    73    1520297992146392953    251.850199    250.066315    521.646504
74    74    1520297992151651835    250.765386    250.178680    190.154485
75    75    1520297992153681283    252.396280    249.453629    492.744825
76    76    1520297992160619386    249.957888    249.461502    144.131616
77    77    1520297992162600327    251.586258    249.146088    504.810593
78    78    1520297992164508882    253.252705    249.006500    523.956606
79    79    1520297992171435595    250.887436    249.038437    144.368620
80    80    1520297992173348145    252.508996    249.690201    522.862147
81    81    1520297992180343675    250.170711    249.240387    142.948426
82    82    1520297992184634951    249.949215    249.010147    233.030921
83    83    1520297992190718761    248.409539    225.602188    164.370682
84    84    1520297992192588031    249.984901    244.282593    534.968196
85    85    1520297992194496653    251.514087    245.005737    523.938213
86    86    1520297992201514304    249.321667    244.529160    142.497824
87    87    1520297992203391856    250.837769    245.148926    532.608418
88    88    1520297992210392923    248.724638    217.940704    142.835371
89    89    1520297992212281804    250.198554    244.820755    529.413976
90    90    1520297992214257965    251.596344    244.440094    506.031644
91    91    1520297992221206982    249.566320    244.718323    143.905246
92    92    1520297992225641403    249.280365    243.864059    225.508584
93    93    1520297992230934752    248.435874    248.657318    188.916317
94    94    1520297992232865921    249.803821    248.275177    517.821071
95    95    1520297992234755535    251.185254    248.392395    529.208611
96    96    1520297992241752272    249.238937    248.521500    142.923766
97    97    1520297992243634154    250.596664    248.494751    531.382945
98    98    1520297992250558248    248.749498    248.970978    144.423227
99    99    1520297992252507386    250.037574    248.598022    513.047306
100    100    1520297992254423282    251.333944    248.971024    521.948999
101    101    1520297992261391731    249.495972    248.850616    143.503956
102    102    1520297992265699702    249.314864    249.636154    232.127839
103    103    1520297992271782797    248.082547    244.809753    164.390002
104    104    1520297992273739604    249.304258    244.656204    511.036602
105    105    1520297992280644178    247.619186    217.918839    144.831528
106    106    1520297992282574344    248.833246    244.965515    518.090154
107    107    1520297992284512628    250.031756    244.627518    515.920268
108    108    1520297992291543518    248.305134    243.990097    142.229504
109    109    1520297992293460468    249.493657    244.181870    521.662015
110    110    1520297992300431899    247.842872    217.350601    143.442573
111    111    1520297992302342336    249.013484    244.196640    523.440448
112    112    1520297992310813984    246.592178    221.659302    118.040787
113    113    1520297992312701253    247.754045    244.388504    529.866172
114    114    1520297992314637464    248.880057    244.511566    516.472637
115    115    1520297992321594978    247.320262    244.195480    143.729499
116    116    1520297992323477570    248.455079    244.479507    531.182540
117    117    1520297992330387927    246.954697    217.982224    144.710324
118    118    1520297992332299084    248.055377    245.365265    523.243250
119    119    1520297992334203785    249.150661    245.439026    525.016787
120    120    1520297992341149461    247.655477    245.594269    143.974467
121    121    1520297992343042597    248.738416    245.698669    528.224068
122    122    1520297992350809832    246.867821    250.025955    128.745944
123    123    1520297992352771917    247.898648    249.559128    509.661916
124    124    1520297992354750460    248.913262    249.295776    505.422424
125    125    1520297992361755592    247.452760    249.000168    142.752485
126    126    1520297992363674529    248.480243    248.775024    521.121850
127    127    1520297992370682217    247.049533    248.174118    142.700417
128    128    1520297992372568403    248.076490    248.328003    530.170407
129    129    1520297992374489173    249.079518    248.228958    520.624541
130    130    1520297992381426626    247.703013    248.279633    144.145121
131    131    1520297992383319245    248.703843    248.282837    528.368362
132    132    1520297992390889752    247.063907    249.501495    132.091549
133    133    1520297992392773132    248.053687    249.992401    530.960295
134    134    1520297992394734991    249.000541    250.096725    509.720627
135    135    1520297992401692055    247.666941    250.397736    143.738796
136    136    1520297992403658474    248.597791    250.100388    508.538618
137    137    1520297992410568632    247.311324    250.711929    144.714491
138    138    1520297992412443004    248.269477    250.786209    533.512024
139    139    1520297992414421122    249.175218    250.426041    505.531015
140    140    1520297992421421339    247.866832    250.033051    142.852714
141    141    1520297992423301273    248.802516    250.112381    531.933568
142    142    1520297992430838768    247.288784    250.319061    132.670071
143    143    1520297992432717639    248.211608    250.347305    532.234517
144    144    1520297992434634841    249.112068    250.627502    521.593447
145    145    1520297992441589538    247.868483    250.642380    143.787716
146    146    1520297992443479828    248.767866    251.121536    529.019357
147    147    1520297992450414196    247.555100    250.968964    144.209249
148    148    1520297992452371348    248.414543    250.448654    510.946518
149    149    1520297992454288618    249.284917    250.830902    521.574948
150    150    1520297992461332461    248.043183    250.556717    141.967957
151    151    1520297992463219215    248.914389    250.513916    530.010802
152    152    1520297992470759924    247.495752    250.493759    132.613525
153    153    1520297992472651453    248.353466    250.414337    528.672836
154    154    1520297992474578673    249.191663    250.351547    518.882120
155    155    1520297992481592146    248.002999    249.983704    142.582712
156    156    1520297992483542649    248.821208    249.607986    512.688266
157    157    1520297992490459392    247.690872    249.717850    144.576718
158    158    1520297992492434096    248.489294    249.608444    506.405011
159    159    1520297992494348035    249.306406    249.629196    522.482691
160    160    1520297992501314770    248.170599    250.110611    143.539262
161    161    1520297992503208733    248.985140    250.065536    527.993419
162    162    1520297992510790940    247.636272    249.806305    131.887721
163    163    1520297992512664309    248.448404    249.919678    533.797666
164    164    1520297992514568113    249.244480    250.066025    525.264155
165    165    1520297992521530974    248.145086    250.382919    143.619124
166    166    1520297992523450811    248.925552    250.575302    520.877554
167    167    1520297992530365025    247.861629    250.591187    144.629599
168    168    1520297992532247912    248.646269    251.169098    531.099317
169    169    1520297992534152622    249.418588    251.227325    525.014307
170    170    1520297992541101905    248.353601    251.337524    143.899738
171    171    1520297992543008335    249.116202    251.258789    524.540634
172    172    1520297992550798725    247.768923    249.951355    128.363278
173    173    1520297992552716544    248.518512    249.673950    521.425640
174    174    1520297992554650800    249.258170    249.484268    516.994648
175    175    1520297992561611762    248.221456    249.496094    143.658305
176    176    1520297992563558047    248.948456    249.331573    513.799366
177    177    1520297992570554594    247.915318    248.820770    142.927647
178    178    1520297992572457539    248.649084    248.696655    525.501263
179    179    1520297992574377678    249.373041    248.601273    520.795630
180    180    1520297992581414213    248.337539    248.063202    142.115402
181    181    1520297992583317691    249.059119    248.081375    525.354115
182    182    1520297992591744397    247.572671    244.226059    118.670332
183    183    1520297992593672518    248.277902    244.164612    518.639650
184    184    1520297992600615691    247.310268    217.557358    144.026369
185    185    1520297992602549345    248.006002    244.274323    517.155603
186    186    1520297992604435751    248.713785    244.632126    530.108577
187    187    1520297992611361755    247.761495    245.055038    144.383399
188    188    1520297992613256126    248.459083    245.106522    527.879703
189    189    1520297992620191602    247.516979    218.274246    144.186210
190    190    1520297992622113911    248.198154    245.702072    520.207729
191    191    1520297992624059881    248.868302    245.445816    513.882537
192    192    1520297992632559476    247.438441    245.007477    117.652665
193    193    1520297992634501561    248.102760    244.923691    514.910521
194    194    1520297992640635420    247.440600    249.876755    163.029506
195    195    1520297992642533224    248.112029    250.100784    526.924804
196    196    1520297992644418727    248.784105    250.106445    530.362455
197    197    1520297992651394993    247.863275    249.792435    143.343158
198    198    1520297992653379761    248.497692    249.229660    503.837224
199    199    1520297992660393505    247.578064    248.744446    142.577203
200    200    1520297992662371230    248.208290    248.402023    505.631471
201    201    1520297992664264192    248.861429    248.729553    528.272622
202    202    1520297992673181785    247.375658    246.170151    112.137883
203    203    1520297992675077307    248.021357    246.452652    527.559163
204    204    1520297992680576736    247.581778    250.367325    181.837060
205    205    1520297992682519237    248.207202    250.087448    514.800250
206    206    1520297992684405496    248.846530    250.082718    530.149889
207    207    1520297992691413950    247.959563    249.881577    142.684820
208    208    1520297992693370494    248.571901    250.057938    511.105296
209    209    1520297992700357162    247.702948    250.227341    143.129744
210    210    1520297992702273916    248.321061    250.609695    521.715358
211    211    1520297992704221200    248.927468    250.268997    513.535776
212    212    1520297992712970858    247.558307    251.325287    114.290181
213    213    1520297992714910062    248.161239    251.049667    515.675504
214    214    1520297992720687619    247.661578    249.308899    173.083537
215    215    1520297992722683894    248.242649    248.975113    500.932988
216    216    1520297992724573645    248.851456    248.953461    529.170245
217    217    1520297992731510300    248.025240    249.399261    144.161703
218    218    1520297992733430288    248.619878    249.626846    520.836589
219    219    1520297992740367785    247.803478    249.933624    144.144206
220    220    1520297992742311064    248.386173    249.768051    514.594147
221    221    1520297992744193721    248.983255    250.171875    531.164200
222    222    1520297992752895425    247.687529    250.472351    114.920020
223    223    1520297992754811887    248.269761    250.615097    521.794849
224    224    1520297992760601846    247.787983    250.537231    172.712795
225    225    1520297992762519429    248.364767    251.032150    521.489813
226    226    1520297992764408412    248.946933    251.036987    529.385389
227    227    1520297992771355157    248.153093    250.973419    143.952311
228    228    1520297992773285556    248.718918    250.907867    518.027620
229    229    1520297992780236985    247.933130    250.820175    143.855314
230    230    1520297992782179689    248.490716    250.823807    514.746456
231    231    1520297992784134824    249.042654    250.368652    511.473632
232    232    1520297992792934437    247.775618    249.756409    113.641361
233    233    1520297992794856869    248.331358    249.719177    520.174446
234    234    1520297992800637069    247.872104    249.780060    173.004394
235    235    1520297992802540172    248.428198    249.870422    525.457634
236    236    1520297992804447174    248.981048    249.757965    524.383299
237    237    1520297992811396772    248.219371    249.740173    143.893215
238    238    1520297992813318355    248.763764    249.795166    520.404271
239    239    1520297992820261639    248.012248    249.846008    144.024067
240    240    1520297992822166469    248.556369    250.082657    524.981232
241    241    1520297992824049904    249.103841    250.531876    530.944790
242    242    1520297992832945854    247.863488    249.928665    112.410704
243    243    1520297992834861596    248.398112    249.970459    521.990957
244    244    1520297992840570910    247.974851    250.414185    175.152391
245    245    1520297992842487017    248.505050    250.332657    521.891523
246    246    1520297992844362950    249.043287    250.527512    533.068079
247    247    1520297992851287006    248.317968    250.687912    144.424020
248    248    1520297992853215167    248.838834    250.646591    518.628890
249    249    1520297992860145783    248.119678    250.726196    144.287319
250    250    1520297992862073983    248.636342    250.579376    518.618401
251    251    1520297992863964171    249.160400    250.536972    529.047904
252    252    1520297992872682599    248.011228    251.656250    114.699577
253    253    1520297992874601774    248.523954    251.634506    521.057225
254    254    1520297992880778050    248.003679    248.712051    161.909863
255    255    1520297992882703328    248.510917    248.655334    519.405509
256    256    1520297992884581834    249.027548    248.639420    532.337932
257    257    1520297992891551255    248.319569    248.359283    143.483942
258    258    1520297992893473685    248.821654    248.394638    520.174987
259    259    1520297992900445837    248.120406    248.138626    143.427739
260    260    1520297992902444825    248.600472    247.703522    500.253128
261    261    1520297992904337509    249.103888    247.688217    528.350216
262    262    1520297992913386939    247.921549    245.674042    110.504198
263    263    1520297992915337450    248.407474    245.485077    512.686163
264    264    1520297992921733190    247.856811    244.169601    156.354073
265    265    1520297992923617434    248.354433    244.414490    530.716829
266    266    1520297992930623862    247.667940    217.192856    142.726080
267    267    1520297992932552911    248.151499    243.892593    518.390150
268    268    1520297992934534795    248.621192    243.539444    504.570399
269    269    1520297992941489714    247.951594    243.641693    143.783127
270    270    1520297992943382584    248.438074    244.273254    528.298298
271    271    1520297992950365669    247.768676    217.258301    143.203183
272    272    1520297992954660410    247.710512    242.286392    232.842912
273    273    1520297992956532008    248.196384    242.750519    534.302772
274    274    1520297992961669006    247.948450    250.401794    194.666223
275    275    1520297992963580764    248.421876    250.229401    523.078758
276    276    1520297992970512225    247.776113    250.699692    144.269729
277    277    1520297992972412935    248.248544    250.877914    526.119187
278    278    1520297992974315054    248.719061    251.380966    525.729463
279    279    1520297992981239492    248.079159    251.573730    144.416052
280    280    1520297992983124514    248.550047    251.623413    530.497787
281    281    1520297992990054929    247.914827    251.957336    144.291503
282    282    1520297992994279708    247.873323    252.402252    236.698772
283    283    1520297992996198668    248.331811    252.100876    521.115604
284    284    1520297993001684013    248.016625    249.906235    182.303939
285    285    1520297993003580046    248.476873    250.004486    527.416981
286    286    1520297993010505227    247.854433    250.043747    144.400558
287    287    1520297993012456232    248.299678    249.729691    512.556349
288    288    1520297993014426981    248.739201    249.302399    507.421290
289    289    1520297993021457639    248.098593    248.643967    142.234198
290    290    1520297993023437565    248.533127    248.058624    505.069381
291    291    1520297993030366820    247.919993    248.065765    144.315659
292    292    1520297993034694078    247.858397    247.436737    231.093223
293    293    1520297993040683853    247.450511    224.793945    166.951179
294    294    1520297993042598290    247.892745    244.413452    522.346779
295    295    1520297993044497519    248.336726    244.394379    526.529450
296    296    1520297993051453332    247.730010    244.211548    143.764647
297    297    1520297993053449123    248.151019    243.944748    501.054469
298    298    1520297993060413987    247.548014    217.452728    143.577821
299    299    1520297993062327866    247.982995    244.676880    522.499071
300    300    1520297993064276369    248.409504    244.865143    513.214504
301    301    1520297993071263396    247.805872    244.519257    143.122390
302    302    1520297993075492225    247.766680    245.109161    236.472082
303    303    1520297993080648815    247.540611    250.219177    193.926607
304    304    1520297993082585201    247.963910    250.081833    516.425961
305    305    1520297993084506425    248.388936    249.944351    520.501514
306    306    1520297993091424617    247.809045    250.179596    144.546436
307    307    1520297993093404150    248.219618    250.281387    505.169654
308    308    1520297993100348536    247.639602    250.409729    144.001212
309    309    1520297993102294024    248.054269    250.211700    514.009853
310    310    1520297993104194794    248.476524    250.510880    526.102579
311    311    1520297993111104760    247.906843    250.995422    144.718512
312    312    1520297993115387923    247.857885    250.653595    233.472319
313    313    1520297993120723808    247.603546    249.532181    187.410336
314    314    1520297993122705019    248.004640    249.253372    504.741797
315    315    1520297993124583266    248.424593    249.520676    532.411339
316    316    1520297993131533336    247.856502    249.322342    143.883443
317    317    1520297993133464489    248.263523    249.623444    517.825361
318    318    1520297993140455025    247.692436    249.336212    143.050547
319    319    1520297993142384758    248.097160    249.434189    518.206405
320    320    1520297993144307178    248.502082    249.299561    520.177693
321    321    1520297993151249505    247.943683    249.098602    144.043921
322    322    1520297993155495152    247.903249    249.331604    235.535361
323    323    1520297993160695944    247.682099    250.174271    192.278407
324    324    1520297993162620463    248.081572    250.529587    519.610355
325    325    1520297993164517154    248.485144    250.413895    527.234009
326    326    1520297993171438731    247.939292    250.592682    144.475746
327    327    1520297993173356078    248.336489    250.679398    521.554001
328    328    1520297993180296086    247.791606    250.997345    144.092053
329    329    1520297993182252728    248.179037    250.827927    511.079697
330    330    1520297993184222005    248.562970    250.533463    507.800579
331    331    1520297993191157241    248.022220    250.577988    144.191200
332    332    1520297993195389463    247.985219    250.662308    236.282501
333    333    1520297993200771793    247.736935    249.526840    185.793142
334    334    1520297993202722442    248.119670    249.364243    512.649892
335    335    1520297993204648037    248.505906    249.184647    519.320002
336    336    1520297993211575353    247.975019    249.149017    144.356054
337    337    1520297993213494044    248.360207    249.140686    521.188665
338    338    1520297993220427076    247.832456    249.183990    144.237038
339    339    1520297993222347618    248.215020    249.408340    520.686348
340    340    1520297993224231034    248.603240    249.943573    530.950146
341    341    1520297993231176141    248.076204    249.881927    143.986263
342    342    1520297993235497322    248.024154    249.327682    231.418216
343    343    1520297993240811850    247.794993    249.749893    188.163464
344    344    1520297993242746275    248.169520    249.851135    516.949481
345    345    1520297993244638660    248.550511    250.058624    528.433696
346    346    1520297993251638251    248.021766    249.607513    142.865490
347    347    1520297993253570310    248.393505    249.524246    517.582538
348    348    1520297993260483944    247.884028    249.645081    144.641733
349    349    1520297993262411327    248.254446    249.602448    518.838238
350    350    1520297993264390864    248.614669    249.005035    505.168633
351    351    1520297993271349884    248.100063    248.918808    143.698394
352    352    1520297993275574237    248.066288    249.520203    236.722641
353    353    1520297993280720127    247.872666    250.574585    194.329844
