Beat    Tag    Timestamp    Global Rate    Window Rate    Instant Rate
0    0    1520299180191691506    0.000000    0.000000    0.000000
1    1    1520299180193908215    902.238408    451.119202    451.119204
2    2    1520299180202925162    267.054644    178.036423    110.902282
3    3    1520299180204814753    304.802615    228.601974    529.215052
4    4    1520299180210611485    264.270906    211.416718    172.510994
5    5    1520299180212489940    288.483258    240.402725    532.352385
6    6    1520299180214436358    307.761950    263.795959    513.764258
7    7    1520299180221414883    269.148421    235.504883    143.296757
8    8    1520299180223324743    284.510877    252.898560    523.598588
9    9    1520299180230249204    259.351583    233.416428    144.415573
10    10    1520299180232134521    271.987635    247.261490    530.414779
11    11    1520299180234040944    283.356771    249.173187    524.542560
12    12    1520299180242602384    255.348179    252.033768    116.802781
13    13    1520299180244571522    264.750298    251.529495    507.836424
14    14    1520299180250758206    253.950195    249.086349    161.637478
15    15    1520299180252648906    262.478387    249.010406    528.904638
16    16    1520299180254562303    270.395809    249.215317    522.630693
17    17    1520299180261527151    257.748031    249.300293    143.578151
18    18    1520299180263466440    264.716370    249.117523    515.652902
19    19    1520299180270386361    254.146221    249.145691    144.510320
20    20    1520299180272255946    260.660907    249.243393    534.878061
21    21    1520299180274210849    266.604158    248.942581    511.534332
22    22    1520299180282894908    252.183575    248.184998    115.153524
23    23    1520299180284849089    257.627981    248.277161    511.723326
24    24    1520299180290696707    252.511987    250.384964    171.009803
25    25    1520299180292571099    257.732999    250.487244    533.506332
26    26    1520299180294472732    262.693889    250.561066    525.863823
27    27    1520299180301472007    255.054402    250.345139    142.871940
28    28    1520299180303387399    259.633539    250.494980    522.086341
29    29    1520299180310326264    252.876986    250.376175    144.115788
30    30    1520299180312232615    257.173675    250.145905    524.562371
31    31    1520299180314128471    261.358978    250.515915    527.466221
32    32    1520299180322936816    251.437556    249.738358    113.528705
33    33    1520299180324954844    255.133936    249.340775    495.533263
34    34    1520299180330676772    251.825255    250.124649    174.766268
35    35    1520299180332560209    255.557120    250.068085    530.944226
36    36    1520299180334474452    259.134589    249.989258    522.399716
37    37    1520299180341459177    253.726320    250.080215    143.169559
38    38    1520299180343367554    257.126953    250.124100    524.005477
39    39    1520299180350298588    252.195548    250.173096    144.278617
40    40    1520299180352318709    255.249417    249.463058    495.019853
41    41    1520299180354229929    258.400440    249.367493    523.226002
42    42    1520299180363215356    250.694000    248.271164    111.291316
43    43    1520299180365151047    253.661458    248.779724    516.611381
44    44    1520299180370668923    251.428369    250.049072    181.229154
45    45    1520299180372614876    254.251289    249.658798    513.887026
46    46    1520299180374562592    257.011652    249.450333    513.421875
47    47    1520299180381535240    252.839527    249.525513    143.417537
48    48    1520299180383436120    255.548247    249.572205    526.072135
49    49    1520299180390443342    251.570003    249.098541    142.709907
50    50    1520299180392388617    254.114271    249.563843    514.066135
51    51    1520299180394292342    256.662317    249.610535    525.285953
52    52    1520299180403217779    250.559891    249.984863    112.039332
53    53    1520299180405121554    253.010298    250.184464    525.272157
54    54    1520299180410717983    251.111193    249.693756    178.685372
55    55    1520299180412611446    253.485493    250.021439    528.132844
56    56    1520299180414518146    255.804243    250.278091    524.466355
57    57    1520299180421569582    252.307662    249.785538    141.815086
58    58    1520299180423475908    254.546896    249.751572    524.569250
59    59    1520299180430411354    251.340643    250.200089    144.186834
60    60    1520299180432289181    253.535285    250.623016    532.530419
61    61    1520299180434187774    255.674038    250.655258    526.705829
62    62    1520299180442951190    250.736604    251.677368    114.110753
63    63    1520299180444909394    252.746757    251.333069    510.672024
64    64    1520299180450705441    250.951749    250.078415    172.531382
65    65    1520299180452602246    252.960074    250.057510    527.202322
66    66    1520299180454517319    254.921688    250.005173    522.173306
67    67    1520299180461455921    252.071794    250.712402    144.121251
68    68    1520299180463332346    254.011878    250.900497    532.928308
69    69    1520299180470244189    251.298962    251.049164    144.679212
70    70    1520299180472220560    253.093214    250.429611    505.977876
71    71    1520299180474120017    254.931769    250.424210    526.466248
72    72    1520299180482971611    250.617872    249.872437    112.974002
73    73    1520299180484864831    252.410413    250.278824    528.200632
74    74    1520299180490675857    250.849249    250.185043    172.086650
75    75    1520299180492690071    252.492898    249.452301    496.471577
76    76    1520299180494599719    254.202417    249.486053    523.656716
77    77    1520299180501624308    251.667457    248.951996    142.357083
78    78    1520299180503535433    253.331853    248.737122    523.252011
79    79    1520299180510443704    250.978661    248.759216    144.754020
80    80    1520299180512330190    252.620797    249.316681    530.086097
81    81    1520299180514301067    254.177216    248.873535    507.388335
82    82    1520299180523182897    250.383576    248.686401    112.589410
83    83    1520299180525093506    251.948099    248.578903    523.393326
84    84    1520299180530583900    250.817078    250.576065    182.136291
85    85    1520299180532453693    252.375420    251.486145    534.818560
86    86    1520299180534414720    253.849160    251.161621    509.936885
87    87    1520299180541390428    251.645042    251.470352    143.354624
88    88    1520299180543347203    253.088463    251.182007    511.044959
89    89    1520299180550271228    250.990211    251.082642    144.424666
90    90    1520299180552237650    252.394878    250.579712    508.537842
91    91    1520299180554150255    253.821987    250.946152    522.847112
92    92    1520299180563040206    250.438469    250.895004    112.486559
93    93    1520299180564974199    251.819872    250.747910    517.064953
94    94    1520299180570810379    250.581036    248.592468    171.344955
95    95    1520299180572708152    251.957496    248.419678    526.933411
96    96    1520299180574694060    253.262019    248.266235    503.547999
97    97    1520299180581641206    251.314464    248.442413    143.944002
98    98    1520299180583524559    252.658624    248.896423    530.967907
99    99    1520299180590494980    250.750072    248.609329    143.463358
100    100    1520299180592381074    252.065459    249.106796    530.196268
101    101    1520299180594292715    253.352443    249.112778    523.110772
102    102    1520299180603248941    250.268836    248.702179    111.654172
103    103    1520299180605236443    251.484157    248.371643    503.144148
104    104    1520299180610793957    250.535400    250.102676    179.936569
105    105    1520299180612671284    251.793567    250.230637    532.672252
106    106    1520299180614578845    253.022472    250.722168    524.229631
107    107    1520299180621584715    251.225183    250.353561    142.737447
108    108    1520299180623527194    252.410820    249.983536    514.806080
109    109    1520299180630448783    250.708093    250.289062    144.475495
110    110    1520299180632351208    251.895055    250.186798    525.644901
111    111    1520299180634247032    253.075588    250.285843    527.475124
112    112    1520299180643179765    250.283363    250.433090    111.947822
113    113    1520299180645100682    251.428524    250.851395    520.584700
114    114    1520299180650601843    250.593614    251.206512    181.779810
115    115    1520299180652471223    251.747192    251.256653    534.936717
116    116    1520299180654395655    252.861359    251.150208    519.633845
117    117    1520299180661370088    251.235642    251.348663    143.380831
118    118    1520299180663296595    252.329762    251.449600    519.074159
119    119    1520299180670237645    250.759520    251.326614    144.070422
120    120    1520299180672129334    251.853607    251.394455    528.628120
121    121    1520299180674076142    252.910211    251.072647    513.661337
122    122    1520299180682581430    250.565339    253.796387    117.573914
123    123    1520299180684545284    251.595921    253.520111    509.202823
124    124    1520299180690785578    250.453786    248.856903    160.248860
125    125    1520299180692736057    251.474644    248.355667    512.694574
126    126    1520299180694665399    252.498195    248.325394    518.311424
127    127    1520299180701704867    250.973817    247.924988    142.056189
128    128    1520299180703594197    252.001019    248.153717    529.288160
129    129    1520299180710526670    250.561275    248.206558    144.248669
130    130    1520299180712413562    251.573749    248.236115    529.972039
131    131    1520299180714312832    252.572931    248.529388    526.518083
132    132    1520299180723354336    250.158545    245.260910    110.601068
133    133    1520299180725271056    251.134062    245.544754    521.724613
134    134    1520299180730693320    250.462979    250.577942    184.424809
135    135    1520299180732580294    251.438009    250.977325    529.949008
136    136    1520299180734556953    252.364561    250.679626    505.904154
137    137    1520299180741542723    250.976984    251.017532    143.148143
138    138    1520299180743438666    251.926988    250.975861    527.442017
139    139    1520299180750448650    250.556081    250.488571    142.653678
140    140    1520299180752402119    251.466615    250.071533    511.909838
141    141    1520299180754297073    252.397076    250.098541    527.717296
142    142    1520299180763151756    250.236128    251.272568    112.934591
143    143    1520299180765082932    251.137344    251.181335    517.819194
144    144    1520299180770696847    250.429469    249.977951    178.128810
145    145    1520299180772607810    251.327083    249.828156    523.296369
146    146    1520299180774535993    252.211359    250.131073    518.622973
147    147    1520299180781509509    250.924860    250.207764    143.399685
148    148    1520299180783451973    251.791068    249.916855    514.810056
149    149    1520299180790375114    250.549703    250.460434    144.443108
150    150    1520299180792337311    251.396079    250.405701    509.632825
151    151    1520299180794229837    252.266109    250.420929    528.394326
152    152    1520299180803140151    250.225430    250.072556    112.229490
153    153    1520299180805055026    251.074599    250.174530    522.227299
154    154    1520299180810635851    250.426393    250.381805    179.184977
155    155    1520299180812589523    251.248991    250.114349    511.856647
156    156    1520299180814553240    252.062362    249.892242    509.238347
157    157    1520299180821517176    250.863068    249.952087    143.596954
158    158    1520299180823496475    251.659939    249.722168    505.229377
159    159    1520299180830453969    250.484349    249.508133    143.729912
160    160    1520299180832352757    251.302853    249.903503    526.651738
161    161    1520299180834261520    252.112605    249.802139    523.899510
162    162    1520299180843203919    250.187098    249.602081    111.826815
163    163    1520299180845112240    250.986832    249.642914    524.020854
164    164    1520299180850554287    250.431508    250.510818    183.754385
165    165    1520299180852437085    251.231344    250.956375    531.124422
166    166    1520299180854385872    252.001539    251.050446    513.139712
167    167    1520299180861375112    250.864734    250.891068    143.077073
168    168    1520299180863278986    251.642571    251.366745    525.244843
169    169    1520299180870213979    250.544391    251.508987    144.196252
170    170    1520299180872092745    251.322294    251.635712    532.264263
171    171    1520299180874010447    252.081526    251.579117    521.457453
172    172    1520299180882602060    250.394207    253.819092    116.392580
173    173    1520299180884516370    251.145721    253.780502    522.381432
174    174    1520299180890669850    250.365410    249.279816    162.509669
175    175    1520299180892569869    251.113473    249.172836    526.310526
176    176    1520299180894559656    251.825325    248.918549    502.566355
177    177    1520299180901604811    250.734841    248.572571    141.941519
178    178    1520299180903512192    251.467825    248.550919    524.279103
179    179    1520299180910448821    250.432234    248.540802    144.162244
180    180    1520299180912410053    251.138257    248.032440    509.883583
181    181    1520299180914332491    251.853969    248.003296    520.172822
182    182    1520299180923304778    250.132149    245.683838    111.454304
183    183    1520299180925236450    250.836709    245.579086    517.686232
184    184    1520299180931602747    250.029990    244.302277    157.077183
185    185    1520299180933523192    250.730730    244.180435    520.712647
186    186    1520299180940463934    249.742102    217.844604    144.076815
187    187    1520299180942405827    250.428152    245.091949    514.961432
188    188    1520299180944293049    251.128903    245.213089    529.879368
189    189    1520299180951261675    250.141472    245.020844    143.500311
190    190    1520299180953177397    250.825396    245.294357    521.996407
191    191    1520299180960174311    249.842936    218.141434    142.920150
192    192    1520299180964414121    249.766211    243.253708    235.859626
193    193    1520299180966360952    250.429394    243.164032    513.655268
194    194    1520299180971662288    250.009365    249.628433    188.631696
195    195    1520299180973582118    250.674451    249.632263    520.879453
196    196    1520299180980498819    249.744135    249.782166    144.577596
197    197    1520299180982437111    250.396586    249.804626    515.918138
198    198    1520299180984390303    251.041128    249.393631    511.982437
199    199    1520299180991382479    250.096608    249.247238    143.016995
200    200    1520299180993354329    250.728853    248.899048    507.137967
201    201    1520299181000268496    249.821603    249.412720    144.630582
202    202    1520299181004496226    249.752487    249.487900    236.533553
203    203    1520299181006420550    250.389993    249.628067    519.663009
204    204    1520299181011644529    250.014323    250.111053    191.424966
205    205    1520299181013605503    250.634496    249.853928    509.950667
206    206    1520299181020530845    249.746833    249.800003    144.397201
207    207    1520299181022523177    250.351554    249.463242    501.924378
208    208    1520299181024448842    250.973472    249.634659    519.301125
209    209    1520299181031515391    250.052426    249.172043    141.511790
210    210    1520299181033442905    250.667834    249.447632    518.802976
211    211    1520299181040451172    249.776242    248.863464    142.688628
212    212    1520299181044983337    249.621515    246.992188    220.645100
213    213    1520299181050844559    249.082511    225.103500    170.612886
214    214    1520299181052798334    249.678661    242.990891    511.829663
215    215    1520299181054798319    250.258713    242.760788    500.003750
216    216    1520299181061763141    249.404752    242.528336    143.578687
217    217    1520299181063665871    250.007350    243.056519    525.560642
218    218    1520299181070615624    249.168268    216.605972    143.890006
219    219    1520299181072502752    249.769745    243.977661    529.905762
220    220    1520299181074439968    250.354444    243.919922    516.204698
221    221    1520299181081403675    249.518898    244.185318    143.601677
222    222    1520299181085738316    249.427656    245.368790    230.699613
223    223    1520299181091729539    248.878372    244.588593    166.910829
224    224    1520299181093651768    249.456666    244.777466    520.229380
225    225    1520299181100589467    248.652775    218.382812    144.140010
226    226    1520299181102519500    249.223785    245.360474    518.125856
227    227    1520299181104408577    249.803589    245.442719    529.359047
228    228    1520299181111442653    248.980391    244.935776    142.165083
229    229    1520299181113354058    249.549035    244.790222    523.175361
230    230    1520299181120287872    248.762550    218.112473    144.220771
231    231    1520299181122260753    249.309765    244.755630    506.872944
232    232    1520299181126526601    249.241819    245.168442    234.419979
233    233    1520299181131758794    248.918352    249.817291    191.124448
234    234    1520299181133678788    249.472583    249.831238    520.834961
235    235    1520299181140600146    248.706767    249.933273    144.480317
236    236    1520299181142525959    249.254746    249.959625    519.261216
237    237    1520299181144399872    249.814118    250.054413    533.642704
238    238    1520299181151321353    249.054363    250.760437    144.477750
239    239    1520299181153204378    249.606643    250.939011    531.060395
240    240    1520299181160126538    248.855103    251.012421    144.463578
241    241    1520299181162046116    249.393364    251.348724    520.947833
242    242    1520299181166327193    249.323930    251.252548    233.586081
243    243    1520299181171723861    248.971372    250.218521    185.299522
244    244    1520299181173690826    249.491008    249.924789    508.397455
245    245    1520299181180603322    248.758278    249.980164    144.665545
246    246    1520299181182530441    249.283704    249.971985    518.909315
247    247    1520299181184417768    249.817104    249.888199    529.849888
248    248    1520299181191362530    249.081942    249.742905    143.993415
249    249    1520299181193285802    249.602060    249.492126    519.947257
250    250    1520299181200218676    248.877777    249.425461    144.240325
251    251    1520299181202129523    249.396792    249.479782    523.328137
252    252    1520299181209907743    248.473743    229.460159    128.564119
253    253    1520299181211808858    248.990961    249.469894    526.007106
254    254    1520299181213802146    249.483755    249.306183    501.683650
255    255    1520299181220705809    248.781770    249.361084    144.850639
256    256    1520299181222648597    249.282926    249.263702    514.724200
257    257    1520299181224556582    249.790613    249.135406    524.113135
258    258    1520299181231480458    249.089009    249.265121    144.427774
259    259    1520299181233414044    249.586613    249.201050    517.173790
260    260    1520299181240395442    248.878631    248.900085    143.237787
261    261    1520299181242303897    249.378365    248.914886    523.984060
262    262    1520299181250823289    248.316597    244.405884    117.379268
263    263    1520299181252770792    248.803274    244.129089    513.478028
264    264    1520299181254750841    249.280535    244.208023    505.038007
265    265    1520299181261696666    248.596932    243.956833    143.971378
266    266    1520299181263653351    249.076029    243.874161    511.068465
267    267    1520299181270604053    248.398261    217.167191    143.870360
268    268    1520299181272567165    248.872290    243.387726    509.395287
269    269    1520299181274478080    249.356620    243.522095    523.309514
270    270    1520299181281432789    248.682879    243.680466    143.787468
271    271    1520299181283395759    249.151727    243.357193    509.432136
272    272    1520299181291820208    248.152784    243.920761    118.702125
273    273    1520299181293736869    248.628604    244.104401    521.740673
274    274    1520299181300699544    247.969348    217.633987    143.622961
275    275    1520299181302685674    248.426147    243.967850    503.491715
276    276    1520299181304583412    248.901082    244.319214    526.943129
277    277    1520299181311526114    248.250945    244.366974    144.036140
278    278    1520299181313434480    248.720078    244.694321    524.008497
279    279    1520299181320358857    248.080180    217.956207    144.417324
280    280    1520299181322281481    248.542802    244.805878    520.122499
281    281    1520299181324342211    248.973491    244.221405    485.264930
282    282    1520299181333384806    247.877429    240.589355    110.587724
283    283    1520299181335315606    248.333347    240.507538    517.920033
284    284    1520299181341657749    247.833362    244.151321    157.675410
285    285    1520299181343557900    248.292685    244.664932    526.273965
286    286    1520299181350482752    247.671874    217.868057    144.407418
287    287    1520299181352422467    248.119512    244.520584    515.539654
288    288    1520299181354336978    248.571045    244.483841    522.326589
289    289    1520299181361368325    247.931732    243.846130    142.220260
290    290    1520299181363364302    248.362854    243.410751    501.007777
291    291    1520299181370306685    247.748379    217.559326    144.042759
292    292    1520299181374589989    247.696657    242.687912    233.464634
293    293    1520299181376483235    248.144879    242.909302    528.193378
294    294    1520299181381662232    247.905258    249.971985    193.087580
295    295    1520299181383554569    248.350678    250.020813    528.447100
296    296    1520299181390485974    247.748891    249.979858    144.270895
297    297    1520299181392452334    248.175984    249.813461    508.553876
298    298    1520299181394409906    248.603497    249.545029    510.836894
299    299    1520299181401398435    247.993950    249.811951    143.091629
300    300    1520299181403387926    248.412057    249.852432    502.641128
301    301    1520299181410381547    247.807063    249.532990    142.987445
302    302    1520299181414646088    247.760632    249.649872    234.491825
303    303    1520299181420723268    247.349181    226.039597    164.550005
304    304    1520299181422641925    247.776024    244.023300    521.197900
305    305    1520299181424553734    248.202916    243.907410    523.064804
306    306    1520299181431503922    247.618104    243.795715    143.881000
307    307    1520299181433483627    248.028631    243.716431    505.125764
308    308    1520299181440405427    247.454597    217.412476    144.471091
309    309    1520299181442314725    247.876415    244.401428    523.752709
310    310    1520299181444203103    248.301094    245.006897    529.554994
311    311    1520299181451151786    247.725160    245.276947    143.912163
312    312    1520299181455363215    247.690914    245.596893    237.449094
313    313    1520299181460754141    247.426716    249.807190    185.496889
314    314    1520299181462741728    247.826557    249.377792    503.122631
315    315    1520299181464631868    248.244151    249.512604    529.061339
316    316    1520299181471579112    247.677998    249.530945    143.941972
317    317    1520299181473503372    248.086329    249.876648    519.680293
318    318    1520299181480505721    247.514340    249.374725    142.809220
319    319    1520299181482436030    247.918929    249.244141    518.051773
320    320    1520299181484354997    248.324488    249.054245    521.113703
321    321    1520299181491287215    247.769362    249.156418    144.253975
322    322    1520299181495534315    247.729249    248.935181    235.454781
323    323    1520299181500715298    247.512690    250.242996    193.013565
324    324    1520299181502657814    247.908736    250.525574    514.796275
325    325    1520299181504560034    248.311231    250.449783    525.701549
326    326    1520299181511489637    247.765164    250.560471    144.308411
327    327    1520299181513419794    248.159930    250.523453    518.092570
328    328    1520299181520360124    247.616295    250.913315    144.085368
329    329    1520299181522277682    248.010994    250.993607    521.496612
330    330    1520299181524236039    248.396952    250.745697    510.632127
331    331    1520299181531179929    247.855819    250.672333    144.011498
332    332    1520299181535418824    247.818137    250.723907    235.910538
333    333    1520299181540778141    247.574908    249.607849    186.590941
334    334    1520299181542721313    247.959000    249.603760    514.622483
335    335    1520299181544643338    248.345870    249.480423    520.284596
336    336    1520299181551555946    247.818819    249.586243    144.663201
337    337    1520299181553480186    248.202974    249.623123    519.685694
338    338    1520299181560393165    247.679980    249.793671    144.655437
339    339    1520299181562306175    248.063885    249.822052    522.736421
340    340    1520299181564193219    248.451420    250.267914    529.929350
341    341    1520299181571133136    247.926402    250.292801    144.093942
342    342    1520299181575475163    247.871116    249.648376    230.307181
343    343    1520299181580802875    247.640332    249.845505    187.697834
344    344    1520299181582763285    248.010207    249.737946    510.097378
345    345    1520299181584656713    248.390985    249.916428    528.142607
346    346    1520299181591661744    247.862412    249.340515    142.754543
347    347    1520299181593603128    248.232481    249.233963    515.096447
348    348    1520299181600514604    247.724502    249.243301    144.686895
349    349    1520299181602441924    248.094911    249.154434    518.855198
350    350    1520299181604421574    248.455107    248.580887    505.139797
351    351    1520299181611386456    247.940588    248.426712    143.577450
352    352    1520299181615607120    247.907949    249.177979    236.929545
353    353    1520299181621695131    247.551820    244.545090    164.257259
