Beat    Tag    Timestamp    Global Rate    Window Rate    Instant Rate
0    0    1520300303496655784    0.000000    0.000000    0.000000
1    1    1520300303498075585    1408.648113    704.324036    704.324057
2    2    1520300303505593353    335.661744    223.774490    133.018204
3    3    1520300303506871073    391.569930    293.677460    782.644085
4    4    1520300303508128627    435.811769    348.649414    795.194481
5    5    1520300303509472276    468.146822    390.122345    744.241986
6    6    1520300303515753355    366.538760    314.176086    159.208314
7    7    1520300303517052382    392.222272    343.194489    769.806940
8    8    1520300303518300703    415.801972    369.601746    801.076005
9    9    1520300303519557690    436.644880    392.980377    795.553176
10    10    1520300303525923840    375.836373    341.669434    157.080810
11    11    1520300303527197830    392.900986    343.380127    784.935518
12    12    1520300303530002494    389.843556    409.682617    356.548948
13    13    1520300303535944609    356.335421    343.955414    168.290247
14    14    1520300303537251930    369.493203    343.367645    764.923076
15    15    1520300303538512319    382.258111    344.352112    793.405845
16    16    1520300303539767025    394.328709    416.429474    796.999456
17    17    1520300303546100172    364.045359    344.260254    157.899382
18    18    1520300303547400370    374.424180    343.646545    769.113627
19    19    1520300303548650366    384.655463    343.729126    800.002560
20    20    1520300303554908096    360.500713    345.014893    159.802356
21    21    1520300303556215986    369.374167    344.611847    764.590294
22    22    1520300303559017969    368.813248    344.643677    356.890102
23    23    1520300303560385081    376.592888    409.157379    731.468965
24    24    1520300303566126523    359.863741    346.325226    174.172272
25    25    1520300303567390594    367.570083    346.281067    791.094804
26    26    1520300303568637903    375.093153    346.369812    801.725956
27    27    1520300303574935718    357.690644    346.794220    158.785229
28    28    1520300303576188174    364.631316    347.369324    798.431242
29    29    1520300303577461331    371.261641    347.090088    785.449084
30    30    1520300303578733471    377.690955    419.720581    786.077004
31    31    1520300303585086302    361.866025    346.376556    157.410137
32    32    1520300303587829183    361.947677    347.087067    364.580162
33    33    1520300303589117337    367.720408    348.040894    776.304696
34    34    1520300303595061397    355.670768    345.603699    168.235179
35    35    1520300303596326054    361.190955    345.596710    790.728237
36    36    1520300303597624478    366.450219    344.987305    770.164446
37    37    1520300303598890672    371.693076    417.450165    789.768393
38    38    1520300303605209142    359.270323    344.578461    158.266163
39    39    1520300303606464957    364.268293    344.784485    796.295633
40    40    1520300303607805822    368.870769    343.969452    745.787234
41    41    1520300303609079574    373.586409    416.783508    785.082182
42    42    1520300303616391417    359.124506    350.112671    136.764425
43    43    1520300303617684014    363.551545    350.058197    773.636331
44    44    1520300303618955347    367.948984    418.515991    786.575980
45    45    1520300303625362611    357.401399    344.393433    156.072857
46    46    1520300303626638440    361.586703    344.661652    783.804099
47    47    1520300303627905620    365.714743    344.649933    789.153869
48    48    1520300303629188498    369.720038    417.025391    779.497349
49    49    1520300303635490965    360.139265    344.518616    158.668026
50    50    1520300303636783934    363.952568    345.088043    773.413748
51    51    1520300303638066059    367.724340    344.988373    779.955153
52    52    1520300303645510553    356.051743    343.416809    134.327464
53    53    1520300303646774952    359.714224    343.749664    790.889585
54    54    1520300303648055230    363.277419    343.644012    781.080359
55    55    1520300303649398405    366.629822    416.046143    744.504625
56    56    1520300303655663309    358.473601    344.532135    159.619365
57    57    1520300303656983560    361.758901    343.903320    757.431731
58    58    1520300303658270117    365.066631    343.859802    777.268322
59    59    1520300303659526069    368.391324    416.058105    796.208772
60    60    1520300303665854466    360.522903    343.990936    158.017899
61    61    1520300303667120434    363.711772    344.182251    789.909382
62    62    1520300303669897585    363.653573    410.053986    360.081249
63    63    1520300303675957262    356.940728    342.673340    165.025298
64    64    1520300303677254413    359.914139    342.475342    770.920271
65    65    1520300303678516397    362.915306    343.430267    792.403073
66    66    1520300303679774341    365.883180    414.747894    794.947947
67    67    1520300303686092153    358.959583    343.541168    158.282646
68    68    1520300303687348771    361.838162    343.894867    795.786786
69    69    1520300303688603998    364.681695    343.903442    796.668650
70    70    1520300303694942087    358.068101    343.788879    157.776263
71    71    1520300303696193991    360.833151    343.955170    798.783293
72    72    1520300303699024218    360.728195    343.328400    353.328549
73    73    1520300303700350143    363.289393    409.955688    754.190471
74    74    1520300303706155608    357.995527    346.006439    172.251491
75    75    1520300303707503582    360.449579    344.980042    741.854071
76    76    1520300303708749827    363.046500    345.119324    802.410441
77    77    1520300303715095775    357.077473    344.784515    157.580869
78    78    1520300303716373300    359.552581    344.536163    782.763547
79    79    1520300303717638346    362.019515    344.419647    790.485089
80    80    1520300303718892842    364.475667    417.523376    797.132872
81    81    1520300303725217765    358.764829    344.545105    158.104692
82    82    1520300303727986424    358.793803    345.277588    361.185686
83    83    1520300303729278055    361.100421    345.686890    774.214927
84    84    1520300303735084278    356.501015    345.677826    172.229003
85    85    1520300303736351991    358.787488    346.639557    788.822076
86    86    1520300303737681668    360.957083    345.639954    752.062343
87    87    1520300303738943735    363.204194    419.323090    792.350961
88    88    1520300303745291883    357.952849    345.798401    157.526258
89    89    1520300303746546481    360.157465    345.923401    797.068065
90    90    1520300303747849925    362.269596    345.338654    767.198284
91    91    1520300303749109697    364.422951    418.551331    793.794433
92    92    1520300303756439173    357.990557    351.459869    136.435401
93    93    1520300303757758836    360.011112    351.113983    757.769218
94    94    1520300303759042267    362.061334    417.397278    779.161482
95    95    1520300303765417694    357.193473    344.048096    156.852239
96    96    1520300303766721086    359.172390    344.359528    767.228892
97    97    1520300303767984346    361.185713    344.345398    791.602679
98    98    1520300303769265680    363.156296    417.122070    780.436639
99    99    1520300303775577036    358.524133    344.464661    158.444556
100    100    1520300303776845479    360.470074    344.880463    788.368102
101    101    1520300303778124554    362.384786    344.651001    781.814983
102    102    1520300303785582158    356.492204    343.135742    134.091325
103    103    1520300303786897897    358.321537    343.181976    760.029155
104    104    1520300303788187335    360.166849    343.111237    775.531666
105    105    1520300303789521047    361.941184    414.880035    749.787060
106    106    1520300303795791312    357.697398    343.994598    159.482893
107    107    1520300303797130837    359.430838    343.094482    746.533286
108    108    1520300303798432584    361.194101    342.854340    768.198429
109    109    1520300303799684570    363.001817    414.808075    798.730976
110    110    1520300303806040946    358.776094    342.518921    157.322348
111    111    1520300303807297383    360.544114    342.784698    795.901426
112    112    1520300303810151379    360.451636    407.013336    350.385915
113    113    1520300303815872393    357.124275    345.131134    174.794189
114    114    1520300303817175277    358.792531    344.971008    767.528038
115    115    1520300303818439553    360.490526    345.799347    790.966529
116    116    1520300303819696205    362.183778    418.324402    795.765256
117    117    1520300303826029727    358.255419    346.034058    157.890033
118    118    1520300303827308537    359.894176    346.308929    781.976994
119    119    1520300303828560387    361.549671    346.310547    798.817750
120    120    1520300303829841626    363.160689    420.156067    780.494506
121    121    1520300303836095551    359.415755    347.244324    159.899583
122    122    1520300303838890576    359.402384    347.956818    357.778553
123    123    1520300303840250964    360.889812    410.196320    735.084402
124    124    1520300303846162394    357.647027    344.980835    169.163806
125    125    1520300303847475162    359.159180    344.404694    761.749220
126    126    1520300303848744868    360.704168    344.249939    787.583897
127    127    1520300303855091434    357.107336    344.095398    157.565524
128    128    1520300303856348371    358.639585    344.354584    795.584822
129    129    1520300303857616452    360.150043    344.162231    788.593158
130    130    1520300303858869138    361.665296    344.500763    798.284646
131    131    1520300303865148975    358.215574    344.193512    159.239802
132    132    1520300303867945094    358.211229    344.180542    357.638570
133    133    1520300303869231786    359.658162    345.055756    777.186770
134    134    1520300303875139996    356.685948    345.094116    169.256001
135    135    1520300303876410812    358.125607    345.594452    786.895979
136    136    1520300303877749626    359.491508    344.771027    746.929745
137    137    1520300303879009230    360.922600    418.098755    793.900305
138    138    1520300303885319537    357.635614    345.170807    158.470895
139    139    1520300303886626063    359.001718    344.713348    765.388519
140    140    1520300303887929962    360.361117    344.105865    766.930567
141    141    1520300303889198750    361.743840    415.804291    788.153734
142    142    1520300303896405250    357.724055    351.368439    138.763616
143    143    1520300303897685996    359.075191    351.441833    780.794943
144    144    1520300303898951857    360.431060    419.958801    789.976151
145    145    1520300303905307932    357.272073    346.055237    157.329799
146    146    1520300303906555554    358.624256    347.150787    801.524821
147    147    1520300303907809987    359.962269    347.213104    797.172906
148    148    1520300303909137587    361.228056    419.849640    753.238927
149    149    1520300303915405160    358.209489    347.474426    159.551393
150    150    1520300303916730408    359.459942    347.216858    754.575747
151    151    1520300303918010051    360.741570    347.086029    781.467956
152    152    1520300303925484547    356.785769    343.887268    133.788285
153    153    1520300303926741883    358.067839    344.164337    795.332353
154    154    1520300303928014007    359.330115    344.090179    786.086891
155    155    1520300303929403633    360.487060    415.011810    719.618084
156    156    1520300303935698192    357.596435    343.139832    158.867365
157    157    1520300303936964411    358.839210    343.001099    789.752799
158    158    1520300303938303703    360.015282    342.863617    746.663162
159    159    1520300303939558380    361.253245    414.023468    797.017878
160    160    1520300303945891537    358.386435    342.922241    157.899133
161    161    1520300303947158971    359.597900    343.065887    788.995719
162    162    1520300303949977595    359.567963    408.279114    354.783043
163    163    1520300303955815777    357.173975    343.951172    171.286198
164    164    1520300303957124282    358.330702    343.521332    764.230935
165    165    1520300303958381081    359.521129    345.095947    795.672180
166    166    1520300303959653565    360.692873    417.442902    785.864498
167    167    1520300303965988538    357.954987    344.540924    157.853869
168    168    1520300303967253469    359.117789    345.425934    790.556955
169    169    1520300303968507129    360.282962    345.438049    797.664439
170    170    1520300303969768604    361.435989    418.811890    792.722805
171    171    1520300303976045796    358.789286    346.178589    159.306900
172    172    1520300303978833643    358.788768    346.547821    358.699742
173    173    1520300303980165864    359.868402    410.676147    750.626210
174    174    1520300303986090165    357.555592    345.233734    168.796285
175    175    1520300303987371485    358.659810    344.941711    780.445166
176    176    1520300303988665117    359.749273    344.690277    773.017365
177    177    1520300303995017568    357.170244    344.482758    157.419553
178    178    1520300303996272857    358.274386    344.597198    796.629302
179    179    1520300303997545776    359.360344    344.368652    785.595941
180    180    1520300303998857293    360.413095    343.776215    762.475820
181    181    1520300304005167380    357.907276    343.387909    158.476420
182    182    1520300304007926084    357.931998    343.731903    362.489053
183    183    1520300304009217472    358.981181    344.215027    774.360610
184    184    1520300304015059040    356.865043    345.198090    171.186914
185    185    1520300304016334033    357.913768    345.273499    784.318032
186    186    1520300304017637219    358.937934    345.159637    767.350171
187    187    1520300304018905596    359.980982    418.619751    788.409124
188    188    1520300304025219675    357.572667    345.461121    158.376226
189    189    1520300304026507713    358.590749    345.280762    776.374610
190    190    1520300304027765143    359.624617    345.926788    795.272898
191    191    1520300304029085698    360.610843    418.089600    757.257365
192    192    1520300304036388338    357.584508    351.342499    136.936779
193    193    1520300304037679856    358.579239    351.340912    774.282666
194    194    1520300304038947046    359.585362    418.620148    789.147642
195    195    1520300304045317924    357.232595    345.019257    156.964236
196    196    1520300304046590131    358.224579    345.388397    786.035606
197    197    1520300304047883218    359.198378    345.093872    773.343170
198    198    1520300304049207654    360.147184    416.875458    755.038371
199    199    1520300304055514660    357.872101    344.744995    158.553837
200    200    1520300304056817961    358.824655    344.200684    767.282462
201    201    1520300304058100922    359.785821    344.646637    779.446920
202    202    1520300304065507617    356.859182    343.415070    135.012985
203    203    1520300304066771507    357.822091    343.741241    791.208096
204    204    1520300304068034551    358.781271    343.790222    791.738055
205    205    1520300304069394023    359.675653    415.349670    735.579696
206    206    1520300304075662761    357.508645    343.966125    159.521741
207    207    1520300304076975113    358.423353    343.738342    761.990685
208    208    1520300304078294765    359.329424    343.794891    757.775535
209    209    1520300304079594397    360.243764    415.286926    769.448582
210    210    1520300304085918520    358.074569    343.635986    158.124692
211    211    1520300304087217201    358.980445    343.450470    770.012035
212    212    1520300304090097751    358.923049    406.667145    347.155925
213    213    1520300304095907692    357.111921    343.215820    172.118787
214    214    1520300304097246289    357.981017    342.328156    747.050830
215    215    1520300304098553922    358.864709    342.936707    764.740566
216    216    1520300304099809484    359.775626    414.134888    796.456089
217    217    1520300304106147461    357.675106    342.790375    157.779052
218    218    1520300304107421433    358.566334    343.327972    784.946608
219    219    1520300304108677444    359.464402    343.842926    796.171371
220    220    1520300304114973035    357.421695    344.180573    158.841322
221    221    1520300304116246170    358.301234    344.483459    785.462657
222    222    1520300304119030383    358.305111    345.630493    359.167923
223    223    1520300304120347602    359.151737    409.166809    759.175202
224    224    1520300304126095789    357.460597    346.626465    173.967896
225    225    1520300304127365949    358.326237    347.077271    787.302387
226    226    1520300304128623872    359.195352    347.048859    794.961218
227    227    1520300304134938587    357.208433    347.329254    158.360274
228    228    1520300304136224699    358.053674    347.182861    777.537260
229    229    1520300304137505445    358.898528    346.884979    780.794943
230    230    1520300304138758475    359.755539    420.425262    798.065489
231    231    1520300304145094019    357.782727    346.646271    157.839642
232    232    1520300304147850311    357.803990    346.982147    362.806263
233    233    1520300304149147933    358.625005    347.218231    770.640448
234    234    1520300304155093387    356.905497    344.856171    168.195734
235    235    1520300304156366962    357.732304    344.815552    785.191292
236    236    1520300304157686657    358.530909    344.082642    757.750844
237    237    1520300304158947555    359.358232    416.511047    793.085563
238    238    1520300304165248985    357.466991    344.539062    158.694138
239    239    1520300304166512924    358.285350    344.738678    791.177422
240    240    1520300304167766563    359.106138    344.731445    797.677800
241    241    1520300304169041094    359.912682    417.587524    784.602336
242    242    1520300304176371285    357.502513    350.619141    136.422093
243    243    1520300304177657671    358.295630    350.757355    777.371644
244    244    1520300304178942208    359.086729    419.307953    778.490616
245    245    1520300304185306563    357.220245    345.547272    157.125113
246    246    1520300304186570917    358.015049    346.209320    790.917733
247    247    1520300304187844305    358.802255    346.059692    785.306599
248    248    1520300304189124939    359.582803    418.831421    780.863229
249    249    1520300304195391813    357.788907    346.273682    159.569189
250    250    1520300304196649144    358.574830    346.229462    795.335516
251    251    1520300304197933472    359.344101    346.112061    778.617300
252    252    1520300304205514001    356.911994    343.138916    131.916915
253    253    1520300304206781473    357.683159    343.361755    788.972064
254    254    1520300304208087337    358.432233    343.110504    765.776528
255    255    1520300304209425839    359.162114    414.606171    747.103852
256    256    1520300304215703918    357.416963    343.253357    159.284393
257    257    1520300304216985742    358.169193    343.153961    780.138303
258    258    1520300304218270819    358.917134    343.101654    778.163487
259    259    1520300304219542090    359.669284    414.073914    786.614341
260    260    1520300304225919196    357.895372    341.646118    156.810942
261    261    1520300304227185010    358.644104    341.862366    790.005483
262    262    1520300304230005476    358.628364    408.305328    354.551340
263    263    1520300304235960025    357.092500    342.717468    167.938831
264    264    1520300304237296967    357.798089    342.352844    747.975604
265    265    1520300304238560626    358.536547    343.232300    791.352730
266    266    1520300304244903338    356.833776    342.472565    157.661265
267    267    1520300304246198080    357.551537    342.321106    772.354647
268    268    1520300304247497694    358.264498    342.150848    769.459239
269    269    1520300304248754261    358.995541    342.323090    795.819085
270    270    1520300304255025492    357.345497    343.568298    159.458326
271    271    1520300304256323395    358.051332    343.189911    770.473602
272    272    1520300304259063716    358.076023    344.136475    364.920752
273    273    1520300304260390241    358.763439    409.329193    753.849343
274    274    1520300304266205962    357.351616    345.913086    171.947726
275    275    1520300304267497129    358.050333    345.584259    774.493152
276    276    1520300304268760291    358.759724    419.165009    791.664094
277    277    1520300304275074035    357.134483    346.308899    158.384629
278    278    1520300304276331900    357.840896    346.810333    794.997873
279    279    1520300304277596412    358.541981    346.714783    790.818909
280    280    1520300304278862036    359.240289    419.523895    790.124081
281    281    1520300304285149417    357.643979    346.908783    159.048736
282    282    1520300304287894622    357.666973    346.850006    364.271521
283    283    1520300304289203256    358.338156    347.065369    764.155600
284    284    1520300304295089615    356.948803    346.216614    169.884304
285    285    1520300304296363700    357.630573    346.421478    784.876990
286    286    1520300304297670349    358.295607    345.900391    765.316470
287    287    1520300304298978107    358.957980    418.338745    764.667469
288    288    1520300304305295442    357.390337    345.261627    158.294597
289    289    1520300304306607983    358.045821    344.690063    761.880962
290    290    1520300304307939030    358.691001    343.914490    751.288272
291    291    1520300304309209165    359.361005    415.631958    787.317884
292    292    1520300304316393641    357.431339    350.889252    139.188996
293    293    1520300304317691871    358.084139    351.017426    770.279534
294    294    1520300304318963181    358.746621    418.873352    786.590210
295    295    1520300304325352101    357.187541    344.965576    156.520977
296    296    1520300304326626239    357.844063    345.352875    784.844342
297    297    1520300304327941263    358.480940    345.266266    760.442395
298    298    1520300304329247008    359.119807    417.509247    765.846318
299    299    1520300304335520851    357.626050    345.866760    159.391939
300    300    1520300304336820583    358.263046    346.241760    769.389382
301    301    1520300304338152127    358.884507    345.507141    751.007853
302    302    1520300304345493922    356.958514    343.639313    136.206473
303    303    1520300304346762083    357.602338    343.994720    788.543410
304    304    1520300304348030416    358.244172    344.029968    788.436475
305    305    1520300304349393798    358.844094    415.944000    733.470150
306    306    1520300304355658631    357.391132    344.442841    159.621174
307    307    1520300304356971154    358.008250    344.472534    761.891411
308    308    1520300304358258439    358.633992    344.691742    776.828752
309    309    1520300304359527123    359.265612    416.557800    788.218343
310    310    1520300304365867620    357.795404    344.269196    157.716343
311    311    1520300304367137501    358.422232    345.001587    787.475362
312    312    1520300304369988393    358.397244    408.255402    350.767409
313    313    1520300304375964097    357.098864    342.442108    167.344300
314    314    1520300304377305236    357.690565    341.590485    745.634867
315    315    1520300304378569323    358.311769    342.753052    791.084791
316    316    1520300304379829107    358.932943    413.727905    793.786871
317    317    1520300304386174718    357.496606    342.423950    157.589238
318    318    1520300304387487527    358.092314    342.124939    761.725430
319    319    1520300304388747623    358.707463    342.225494    793.590330
320    320    1520300304395067300    357.297290    342.469513    158.235935
321    321    1520300304396322823    357.910189    342.637970    796.480829
322    322    1520300304399134259    357.903273    343.101837    355.690117
323    323    1520300304400478851    358.477242    407.917603    743.720028
324    324    1520300304406141997    357.344614    346.779602    176.580297
325    325    1520300304407412250    357.944206    346.705444    787.244746
326    326    1520300304408673930    358.545498    346.682678    792.594002
327    327    1520300304414976454    357.173709    347.201294    158.666591
328    328    1520300304416257467    357.763591    347.585022    780.632203
329    329    1520300304417533771    358.353663    347.389313    783.512392
330    330    1520300304418841641    358.929816    420.621552    764.601986
331    331    1520300304425130041    357.575881    347.135223    159.022963
332    332    1520300304427879316    357.594056    347.885895    363.732257
333    333    1520300304429209783    358.156204    348.056915    751.615786
334    334    1520300304435184055    356.941832    344.328217    167.384411
335    335    1520300304436483007    357.512521    343.988281    769.851388
336    336    1520300304437774195    358.084590    343.639496    774.480556
337    337    1520300304439041246    358.664277    415.544830    789.234214
338    338    1520300304445352204    357.332433    343.704773    158.454548
339    339    1520300304446636794    357.901891    343.606934    778.458496
340    340    1520300304447913350    358.472839    343.977020    783.357722
341    341    1520300304449193293    359.040979    415.571411    781.284792
342    342    1520300304456421386    357.378926    350.360016    138.349078
343    343    1520300304457741797    357.928422    350.483490    757.339949
344    344    1520300304459014578    358.494152    419.629913    785.681119
345    345    1520300304465393814    357.165704    345.891418    156.758584
346    346    1520300304466714315    357.710374    345.541077    757.288332
347    347    1520300304467989889    358.270134    345.439331    783.960789
348    348    1520300304469277016    358.824164    417.976105    776.924111
349    349    1520300304475562526    357.541720    345.712952    159.096080
350    350    1520300304476899829    358.074096    344.988434    747.773691
351    351    1520300304478176499    358.627174    345.027405    783.287772
352    352    1520300304485483204    356.988482    344.094116    136.860596
353    353    1520300304486743590    357.544046    344.806274    793.407734
