Beat    Tag    Timestamp    Global Rate    Window Rate    Instant Rate
0    0    1520300302476572386    0.000000    0.000000    0.000000
1    1    1520300302477976398    1424.489249    712.244629    712.244625
2    2    1520300302485517838    335.365949    223.577301    132.600670
3    3    1520300302486784323    391.698460    293.773834    789.586928
4    4    1520300302488051905    435.558319    348.446655    788.903598
5    5    1520300302489391500    468.051068    390.042572    746.494276
6    6    1520300302495677050    366.402675    314.059418    159.095067
7    7    1520300302496946102    392.662782    343.579956    787.989775
8    8    1520300302498232246    415.515151    369.346802    777.517914
9    9    1520300302499482203    436.494102    392.844696    800.027521
10    10    1520300302505799846    376.358397    342.144012    158.286880
11    11    1520300302507068315    393.495145    343.738098    788.351942
12    12    1520300302509860012    390.535510    410.809631    358.205063
13    13    1520300302515899109    355.992031    343.468109    165.587670
14    14    1520300302517209623    369.119584    342.962372    763.059380
15    15    1520300302518464390    381.934462    343.963043    796.960711
16    16    1520300302519720477    393.991938    415.914093    796.123198
17    17    1520300302526076277    363.607782    343.286652    157.336606
18    18    1520300302527371674    374.020990    343.177643    771.964116
19    19    1520300302528620788    384.257715    343.187561    800.567442
20    20    1520300302534875304    360.187804    343.932678    159.884474
21    21    1520300302536183086    369.061259    343.468292    764.653436
22    22    1520300302538989443    368.489017    343.295410    356.333852
23    23    1520300302540352005    376.295757    408.949524    733.911558
24    24    1520300302546202527    359.039916    344.911957    170.924919
25    25    1520300302547463116    366.761634    344.842743    793.279967
26    26    1520300302548712450    374.271916    344.923065    800.426467
27    27    1520300302555019117    356.930106    345.508606    158.562359
28    28    1520300302556272945    363.861940    346.005554    797.557560
29    29    1520300302557538629    370.524788    345.807281    790.086625
30    30    1520300302558819273    376.913961    417.641693    780.857131
31    31    1520300302565110885    361.424695    345.688232    158.941778
32    32    1520300302567872361    361.445882    346.225403    362.125182
33    33    1520300302569163708    367.205039    347.081177    774.385196
34    34    1520300302575083303    355.290572    346.251099    168.930476
35    35    1520300302576350754    360.799647    346.168854    788.985136
36    36    1520300302577646466    366.068135    345.613983    771.776444
37    37    1520300302578913364    371.307767    418.510773    789.329528
38    38    1520300302585234138    358.911938    345.289642    158.208473
39    39    1520300302586497347    363.884596    345.319153    791.634638
40    40    1520300302587851801    368.441908    344.441254    738.304882
41    41    1520300302589121973    373.168850    416.474274    787.294949
42    42    1520300302596389663    358.879797    350.664307    137.595302
43    43    1520300302597674789    363.328876    350.740845    778.133817
44    44    1520300302598943497    367.733852    419.108063    788.203432
45    45    1520300302605343667    357.222508    344.911896    156.245850
46    46    1520300302606621176    361.402824    345.128571    782.773350
47    47    1520300302607881890    365.548559    345.202240    793.201313
48    48    1520300302609158205    369.571952    417.989136    783.505639
49    49    1520300302615457192    360.010583    345.305725    158.755686
50    50    1520300302616746292    363.833765    346.086731    775.735009
51    51    1520300302618026607    367.610098    345.965271    781.057787
52    52    1520300302625526275    355.814812    343.210785    133.339236
53    53    1520300302626797946    359.459469    343.369354    786.366914
54    54    1520300302628082732    363.011513    343.179901    778.339739
55    55    1520300302629407298    366.408429    415.564911    754.964268
56    56    1520300302635666085    358.279431    344.294403    159.775369
57    57    1520300302636989041    361.558468    343.558197    755.883038
58    58    1520300302638275975    364.865124    343.432892    777.040625
59    59    1520300302639526297    368.202270    415.470367    799.793973
60    60    1520300302645865718    360.321339    343.413361    157.743113
61    61    1520300302647128564    363.516589    343.619507    791.862191
62    62    1520300302649995164    363.274079    408.682220    348.845322
63    63    1520300302655923001    356.842936    343.346985    168.695597
64    64    1520300302657232617    359.791414    343.054535    763.582607
65    65    1520300302658493192    362.795226    343.809265    793.288777
66    66    1520300302659750191    365.764837    415.211609    795.545581
67    67    1520300302666077881    358.828645    343.774445    158.035555
68    68    1520300302667339290    361.697960    344.076385    792.764282
69    69    1520300302668592764    364.544642    344.039062    797.782802
70    70    1520300302674936267    357.928065    343.990753    157.641606
71    71    1520300302676186599    360.695759    344.138885    799.787576
72    72    1520300302679000457    360.621922    344.764679    355.383960
73    73    1520300302680325941    363.183847    409.786682    754.441397
74    74    1520300302686203671    357.771026    345.172089    170.133708
75    75    1520300302687542112    360.241260    344.246887    747.137901
76    76    1520300302688801894    362.814769    344.213898    793.788132
77    77    1520300302695159649    356.836894    343.858063    157.288225
78    78    1520300302696423548    359.334012    343.828613    791.202462
79    79    1520300302697682207    361.811156    343.767334    794.496365
80    80    1520300302698938792    364.263656    416.622833    795.807685
81    81    1520300302705262955    358.563103    343.922058    158.123692
82    82    1520300302708033621    358.591364    344.433685    360.924052
83    83    1520300302709313648    360.915805    344.973816    781.233521
84    84    1520300302715078011    356.385725    346.328278    173.479706
85    85    1520300302716343645    358.675182    347.203735    790.117838
86    86    1520300302717684447    360.828072    346.229797    745.822277
87    87    1520300302718945616    363.076401    420.415955    792.915145
88    88    1520300302725308447    357.808995    346.201660    157.162747
89    89    1520300302726569303    360.004440    346.175354    793.111981
90    90    1520300302727875630    362.112317    345.580261    765.505115
91    91    1520300302729138312    364.261330    418.841888    791.965039
92    92    1520300302736443780    357.869324    351.986755    136.883770
93    93    1520300302737765083    359.887551    351.476135    756.828676
94    94    1520300302739049736    361.935992    417.158142    778.420321
95    95    1520300302745411808    357.090487    344.018982    157.181497
96    96    1520300302746710516    359.075559    344.517883    769.996027
97    97    1520300302747978086    361.083058    344.441925    788.911066
98    98    1520300302749265759    363.045126    417.409088    776.594679
99    99    1520300302755576456    358.417711    344.742554    158.461102
100    100    1520300302756854124    360.351697    345.083496    782.675938
101    101    1520300302758126720    362.274658    344.965485    785.795335
102    102    1520300302765481246    356.513815    344.382690    135.970693
103    103    1520300302766786665    358.355903    344.571136    766.037571
104    104    1520300302768090769    360.183118    344.340363    766.810009
105    105    1520300302769418924    361.964327    416.543182    752.924169
106    106    1520300302775688171    357.721008    345.093475    159.508789
107    107    1520300302777022731    359.460396    344.297546    749.310634
108    108    1520300302778329003    361.218260    344.077209    765.537346
109    109    1520300302779585545    363.020538    416.508911    795.834918
110    110    1520300302785945238    358.790370    343.747559    157.240294
111    111    1520300302787205118    360.554405    343.897919    793.726387
112    112    1520300302789984279    360.547900    408.112762    359.820824
113    113    1520300302795803180    357.108406    344.631317    171.853757
114    114    1520300302797112984    358.768907    344.563629    763.473008
115    115    1520300302798369283    360.475819    345.418854    795.988853
116    116    1520300302799631009    362.163371    417.661438    792.565105
117    117    1520300302805960769    358.239714    345.565948    157.983873
118    118    1520300302807243460    359.874236    345.847748    779.610990
119    119    1520300302808496553    361.528361    345.889008    798.025366
120    120    1520300302809765224    363.153064    419.815552    788.226420
121    121    1520300302816032376    359.394343    346.893921    159.562111
122    122    1520300302818814858    359.394319    346.853943    359.391364
123    123    1520300302820169668    360.887604    410.399719    738.110879
124    124    1520300302826172847    357.551016    344.117249    166.578408
125    125    1520300302827477471    359.071457    343.545959    766.504372
126    126    1520300302828744943    360.618673    343.478119    788.972064
127    127    1520300302835086105    357.029573    343.343689    157.699803
128    128    1520300302836344050    358.560756    343.635651    794.947315
129    129    1520300302837613592    360.069704    343.441498    787.685638
130    130    1520300302838869178    361.582004    343.595917    796.440865
131    131    1520300302845150051    358.133475    343.434021    159.213536
132    132    1520300302847931411    358.143982    343.447266    359.536342
133    133    1520300302849212986    359.595814    344.313293    780.289878
134    134    1520300302855166379    356.582520    344.904510    167.971441
135    135    1520300302856440075    358.019394    345.272797    785.116700
136    136    1520300302857775944    359.388041    344.459381    748.576395
137    137    1520300302859036368    360.818290    417.531952    793.383814
138    138    1520300302865335471    357.544235    344.929626    158.752762
139    139    1520300302866636258    358.915578    344.558289    768.765371
140    140    1520300302867945244    360.270257    343.925507    763.950111
141    141    1520300302869213316    361.653585    415.571198    788.598755
142    142    1520300302876412725    357.642754    351.107391    138.900290
143    143    1520300302877692706    358.994528    351.127045    781.261597
144    144    1520300302878957962    360.350889    420.316711    790.353889
145    145    1520300302885312865    357.194864    346.346863    157.358814
146    146    1520300302886568022    358.540402    347.317780    796.713081
147    147    1520300302887823069    359.877822    347.382660    796.782909
148    148    1520300302889156314    361.138643    419.800446    750.049691
149    149    1520300302895426498    358.119917    347.339935    159.484953
150    150    1520300302896749043    359.372653    347.176422    756.117939
151    151    1520300302898032033    360.651372    346.996704    779.429302
152    152    1520300302905521555    356.685619    343.538361    133.519869
153    153    1520300302906788291    357.959802    343.694763    789.430473
154    154    1520300302908052688    359.228450    343.704926    790.890836
155    155    1520300302909424555    360.400181    414.736572    728.933636
156    156    1520300302915733279    357.499956    342.873718    158.510659
157    157    1520300302917036098    358.712865    342.312988    767.566331
158    158    1520300302918365741    359.896767    342.355225    752.081574
159    159    1520300302919623473    361.132169    413.274811    795.081941
160    160    1520300302925952837    358.271037    342.421265    157.993757
161    161    1520300302927210012    359.490621    342.724213    795.434208
162    162    1520300302929991107    359.491112    408.671143    359.570601
163    163    1520300302935789103    357.129856    344.817932    172.473386
164    164    1520300302937104310    358.281351    344.214844    760.336586
165    165    1520300302938359296    359.473160    345.605316    796.821638
166    166    1520300302939630942    360.645534    418.450958    786.382374
167    167    1520300302945946947    357.923104    345.890900    158.327930
168    168    1520300302947201317    359.093946    346.793854    797.212944
169    169    1520300302948449589    360.263219    346.907654    801.107451
170    170    1520300302949715740    361.412664    420.824005    789.795214
171    171    1520300302955989513    358.768993    347.469543    159.393717
172    172    1520300302958737631    358.798154    347.868134    363.885394
173    173    1520300302960040043    359.899980    412.355164    767.806193
174    174    1520300302966072830    357.507337    345.202301    165.760866
175    175    1520300302967334449    358.625927    345.123291    792.632324
176    176    1520300302968625881    359.716986    344.887756    774.334227
177    177    1520300302974968194    357.145861    344.575134    157.671184
178    178    1520300302976221118    358.251685    344.592316    798.133007
179    179    1520300302977479663    359.347944    344.470337    794.568331
180    180    1520300302978778437    360.409835    344.083679    769.956898
181    181    1520300302985092031    357.901611    343.612885    158.388392
182    182    1520300302987857519    357.921614    343.407928    361.599833
183    183    1520300302989153145    358.967825    343.487946    771.827672
184    184    1520300302995129650    356.759056    344.153290    167.321871
185    185    1520300302996403239    357.808697    344.011566    785.182661
186    186    1520300302997692649    358.842312    344.035492    775.548507
187    187    1520300302998950833    359.892337    416.968262    794.796310
188    188    1520300303005256338    357.491464    344.409302    158.591580
189    189    1520300303006550250    358.505539    343.990295    772.850086
190    190    1520300303007809525    359.538116    344.458344    794.107721
191    191    1520300303009139312    360.518069    415.847443    752.000132
192    192    1520300303016374925    357.538148    350.663055    138.205291
193    193    1520300303017665083    358.533762    350.730286    775.098864
194    194    1520300303018935901    359.537459    420.057770    786.894740
195    195    1520300303025315685    357.179760    345.871826    156.745119
196    196    1520300303026587844    358.171752    346.078308    786.065264
197    197    1520300303027877499    359.147767    345.701782    775.401173
198    198    1520300303029203233    360.095715    417.590668    754.299128
199    199    1520300303035516434    357.817568    345.230133    158.398252
200    200    1520300303036822844    358.768114    344.669281    765.456480
201    201    1520300303038109318    359.727007    345.184601    777.318469
202    202    1520300303045474575    356.827595    343.646759    135.772587
203    203    1520300303046747060    357.785095    343.855560    785.863881
204    204    1520300303048015403    358.740931    343.884827    788.430259
205    205    1520300303049368555    359.639277    415.750793    739.015277
206    206    1520300303055632407    357.475896    344.298523    159.646173
207    207    1520300303056933333    358.397651    344.164948    768.683230
208    208    1520300303058260628    359.298994    344.146484    753.412015
209    209    1520300303059558709    360.214282    415.934021    770.367951
210    210    1520300303065881011    358.046686    344.137329    158.170236
211    211    1520300303067169730    358.958607    344.110748    775.964349
212    212    1520300303070031771    358.912514    407.212646    349.401004
213    213    1520300303075898366    357.067785    343.037811    170.456628
214    214    1520300303077238891    357.935723    342.190521    745.976390
215    215    1520300303078541577    358.822350    342.782440    767.644697
216    216    1520300303079797259    359.733177    413.824158    796.379975
217    217    1520300303086133645    357.634277    342.462097    157.818668
218    218    1520300303087404322    358.527423    343.127380    786.982058
219    219    1520300303088655281    359.428440    343.683105    799.386711
220    220    1520300303094942184    357.391323    344.101746    159.060829
221    221    1520300303096211947    358.272799    344.326324    787.548543
222    222    1520300303098991969    358.279216    345.301514    359.709384
223    223    1520300303100333127    359.112053    409.253052    745.624304
224    224    1520300303106117989    357.400638    346.271210    172.864971
225    225    1520300303107384043    358.268585    346.710999    789.855725
226    226    1520300303108644453    359.136263    346.654144    793.392626
227    227    1520300303114943345    357.159104    347.105316    158.758080
228    228    1520300303116233972    358.001801    346.865112    774.817201
229    229    1520300303117509773    358.849405    346.566498    783.821301
230    230    1520300303118768245    359.703347    419.708496    794.614421
231    231    1520300303125107520    357.729270    346.073792    157.746745
232    232    1520300303127852040    357.757222    346.499512    364.362439
233    233    1520300303129136840    358.585269    347.177460    778.331258
234    234    1520300303135119443    356.846178    344.810272    167.151322
235    235    1520300303136394228    357.672306    344.706512    784.446005
236    236    1520300303137703604    358.476492    344.125702    763.722567
237    237    1520300303138962858    359.304685    416.328186    794.120964
238    238    1520300303145260870    357.416055    344.508057    158.780263
239    239    1520300303146518492    358.237771    344.723938    795.151484
240    240    1520300303147775219    359.056887    344.744659    795.717765
241    241    1520300303149048593    359.864033    417.692230    785.315233
242    242    1520300303156385947    357.450945    350.460236    136.288913
243    243    1520300303157684295    358.237753    350.293915    770.209528
244    244    1520300303158969160    359.028661    419.292175    778.291883
245    245    1520300303165337325    357.161037    345.505524    157.031107
246    246    1520300303166592386    357.960639    346.155121    796.774021
247    247    1520300303167854261    358.753801    346.123718    792.471521
248    248    1520300303169127102    359.538379    419.002045    785.644083
249    249    1520300303175392903    357.745650    346.327423    159.596514
250    250    1520300303176659435    358.526844    346.209869    789.557627
251    251    1520300303177944523    359.295710    346.069489    778.156827
252    252    1520300303185582406    356.835578    342.507263    130.926331
253    253    1520300303186854650    357.604312    342.813782    786.012746
254    254    1520300303188148816    358.359256    342.704529    772.698402
255    255    1520300303189473581    359.096046    414.314484    754.850860
256    256    1520300303195729949    357.362577    343.199615    159.837145
257    257    1520300303197036336    358.102581    342.676117    765.469956
258    258    1520300303198295126    358.863571    342.841187    794.413683
259    259    1520300303199568392    359.614711    413.642090    785.381845
260    260    1520300303205949244    357.839705    341.415680    156.718883
261    261    1520300303207209328    358.591230    341.707397    793.597887
262    262    1520300303210018842    358.581050    409.225006    355.933446
263    263    1520300303215967827    357.048455    343.487061    168.095902
264    264    1520300303217307585    357.752676    342.949982    746.403455
265    265    1520300303218571564    358.490963    343.666443    791.152385
266    266    1520300303224920125    356.786005    342.581024    157.516010
267    267    1520300303226215762    357.503326    342.707245    771.821120
268    268    1520300303227520391    358.213882    342.169708    766.501435
269    269    1520300303228770879    358.947808    342.436584    799.687802
270    270    1520300303235039414    357.299645    343.758728    159.526907
271    271    1520300303236355655    357.996828    343.096405    759.739288
272    272    1520300303239150590    357.996070    343.268127    357.790074
273    273    1520300303240492446    358.676273    407.753510    745.236449
274    274    1520300303246153168    357.337406    346.673523    176.655911
275    275    1520300303247443048    358.036716    346.362518    775.265916
276    276    1520300303248700918    358.748561    420.507446    794.994713
277    277    1520300303255000632    357.129898    347.404724    158.737365
278    278    1520300303256266366    357.832697    347.874786    790.055414
279    279    1520300303257539989    358.529597    347.595032    785.161700
280    280    1520300303258797081    359.231819    420.916748    795.486727
281    281    1520300303265098565    357.629217    347.911896    158.692778
282    282    1520300303267806826    357.668961    348.964203    369.240631
283    283    1520300303269127150    358.334859    349.226562    757.389853
284    284    1520300303275099303    356.907192    345.469269    167.443801
285    285    1520300303276367976    357.591369    345.722565    788.225177
286    286    1520300303277672021    358.257559    345.171539    766.844702
287    287    1520300303278979183    358.920190    417.039398    765.016119
288    288    1520300303285288612    357.356500    344.563293    158.492948
289    289    1520300303286590141    358.016844    344.232269    768.327098
290    290    1520300303287929864    358.658184    343.255920    746.422955
291    291    1520300303289207859    359.324703    414.777771    782.475675
292    292    1520300303296423701    357.381875    349.444153    138.583966
293    293    1520300303297726710    358.032579    349.655731    767.454407
294    294    1520300303298996426    358.695740    418.460419    787.577695
295    295    1520300303305373650    357.142312    344.760132    156.808041
296    296    1520300303306650607    357.797606    345.082397    783.111726
297    297    1520300303307964768    358.434846    344.999084    760.941772
298    298    1520300303309269649    359.074076    416.996124    766.353407
299    299    1520300303315538469    357.582989    345.443115    159.519654
300    300    1520300303316852725    358.213784    345.747284    760.886768
301    301    1520300303318173731    358.839731    345.233856    756.998833
302    302    1520300303325490601    356.924842    344.033936    136.670462
303    303    1520300303326756556    357.569584    344.473083    789.917493
304    304    1520300303328018511    358.214091    344.565186    792.421283
305    305    1520300303329377287    358.815949    416.603516    735.956478
306    306    1520300303335643757    357.362625    344.909058    159.579476
307    307    1520300303336957661    357.979162    344.912109    761.090612
308    308    1520300303338244928    358.604905    345.121765    776.839614
309    309    1520300303339510517    359.237805    417.152527    790.145932
310    310    1520300303345852573    357.767271    344.829407    157.677573
311    311    1520300303347117400    358.396171    345.498688    790.621959
312    312    1520300303349960177    358.374600    408.670776    351.768711
313    313    1520300303355891942    357.094298    343.225250    168.583887
314    314    1520300303357241984    357.682382    342.190674    740.717696
315    315    1520300303358505810    358.303690    343.306122    791.248162
316    316    1520300303359775556    358.920813    414.390961    787.559087
317    317    1520300303366116431    357.486514    342.949982    157.706941
318    318    1520300303367430806    358.081591    342.631470    760.817879
319    319    1520300303368694612    358.695245    342.652405    791.260684
320    320    1520300303374990905    357.294505    343.190552    158.823613
321    321    1520300303376263969    357.900425    343.093536    785.506463
322    322    1520300303379035744    357.909268    343.931366    360.779645
323    323    1520300303380360590    358.491070    408.686249    754.804709
324    324    1520300303386091590    357.331652    346.625183    174.489618
325    325    1520300303387365878    357.929655    346.499542    784.751956
326    326    1520300303388629581    358.530147    346.572113    791.325177
327    327    1520300303394957435    357.148671    346.728546    158.031459
328    328    1520300303396247315    357.735097    347.023285    775.265916
329    329    1520300303397529580    358.322843    346.801147    779.869996
330    330    1520300303398846986    358.895279    419.180359    759.067440
331    331    1520300303405132669    357.542753    346.395935    159.091701
332    332    1520300303407903876    357.552605    346.402740    360.853592
333    333    1520300303409377536    358.059773    344.626221    678.582577
334    334    1520300303415427054    356.817739    340.884308    165.302426
335    335    1520300303416708006    357.395245    340.806915    780.669377
336    336    1520300303418024639    357.957612    340.193237    759.513091
337    337    1520300303419293818    358.536455    410.907410    787.910925
338    338    1520300303425622998    357.199074    340.417633    157.998350
339    339    1520300303426909020    357.767961    340.374084    777.591674
340    340    1520300303428165908    358.346281    341.076660    795.615838
341    341    1520300303429444664    358.914839    411.319611    782.010016
342    342    1520300303437271749    357.031568    340.508148    127.761485
343    343    1520300303438563814    357.591544    342.626770    773.954871
344    344    1520300303439837890    358.156706    409.654144    784.882534
345    345    1520300303445541623    357.080480    346.817383    175.323775
346    346    1520300303446873183    357.621060    346.637939    750.998828
347    347    1520300303448131259    358.187249    346.771423    794.864539
348    348    1520300303449416058    358.742119    420.290619    778.331864
349    349    1520300303455671605    357.471432    347.673889    159.858123
350    350    1520300303457024251    357.998197    346.520233    739.291729
351    351    1520300303458285680    358.556823    346.728424    792.751713
352    352    1520300303465508122    356.949382    354.153137    138.457325
353    353    1520300303466780127    357.500740    354.404907    786.160432
