Beat    Tag    Timestamp    Global Rate    Window Rate    Instant Rate
0    0    1520300305536583724    0.000000    0.000000    0.000000
1    1    1520300305537976848    1435.622385    717.811218    717.811193
2    2    1520300305545476662    337.346330    224.897552    133.336640
3    3    1520300305546741119    393.801757    295.351318    790.853307
4    4    1520300305548008795    437.634042    350.107239    788.845099
5    5    1520300305549347777    470.070126    391.725128    746.836029
6    6    1520300305555633068    367.466722    314.971466    159.101623
7    7    1520300305556906914    393.638991    344.434143    785.024249
8    8    1520300305558191313    416.520325    370.240295    778.574259
9    9    1520300305559446147    437.398958    393.659058    796.918158
10    10    1520300305565774899    376.826215    342.569275    158.009036
11    11    1520300305567053197    393.836808    343.922119    782.290202
12    12    1520300305569968995    389.393275    408.291046    342.959286
13    13    1520300305575903750    356.052664    342.904602    168.498952
14    14    1520300305577224632    369.086242    342.280121    757.069897
15    15    1520300305578487781    381.824605    343.170837    791.672241
16    16    1520300305579749454    393.830939    414.655853    792.598399
17    17    1520300305586081259    363.654473    342.766907    157.932849
18    18    1520300305587379241    374.048757    342.607391    770.426709
19    19    1520300305588629622    384.276202    342.659668    799.756234
20    20    1520300305594896915    360.124350    343.382843    159.558521
21    21    1520300305596184410    369.123268    343.274414    776.702045
22    22    1520300305599050979    368.192904    343.855469    348.849095
23    23    1520300305600419954    375.962052    407.893463    730.473529
24    24    1520300305606124861    359.499443    346.018005    175.287695
25    25    1520300305607397117    367.162184    345.909027    786.005332
26    26    1520300305608651084    374.649495    346.001251    797.469152
27    27    1520300305614957614    357.261838    346.304108    158.565804
28    28    1520300305616210874    364.197387    346.841278    797.919027
29    29    1520300305617480510    370.842916    346.609802    787.627320
30    30    1520300305618757937    377.247300    419.093536    782.823598
31    31    1520300305625057809    361.687832    346.339539    158.733384
32    32    1520300305627877258    361.471383    346.905670    354.679230
33    33    1520300305629172888    367.213597    347.790588    771.825290
34    34    1520300305635083139    355.332060    345.324402    169.197552
35    35    1520300305636348719    360.848011    345.404022    790.151551
36    36    1520300305637649207    366.099274    344.849915    768.942120
37    37    1520300305638918214    371.331308    417.351807    788.017718
38    38    1520300305645249628    358.898224    344.367371    157.942602
39    39    1520300305646506871    363.890601    344.514435    795.391185
40    40    1520300305647858494    368.457288    343.636017    739.851275
41    41    1520300305649126286    373.192144    415.481201    788.772922
42    42    1520300305656377844    358.949170    350.869995    137.901400
43    43    1520300305657673364    363.367172    350.871338    771.890824
44    44    1520300305658948376    367.753263    419.019501    784.306344
45    45    1520300305665359639    357.209654    344.697784    155.975507
46    46    1520300305666639442    361.383573    344.943726    781.370258
47    47    1520300305667903168    365.520890    345.006561    791.310775
48    48    1520300305669184826    369.529357    417.794769    780.239346
49    49    1520300305675507112    359.910601    344.824738    158.170636
50    50    1520300305676815966    363.682412    345.334015    764.027157
51    51    1520300305678102823    367.441571    345.106781    777.087120
52    52    1520300305685581563    355.709857    342.422119    133.712363
53    53    1520300305686855589    359.348704    342.674347    784.913338
54    54    1520300305688130538    362.924159    342.675079    784.345099
55    55    1520300305689461553    366.305568    414.904785    751.306334
56    56    1520300305695728978    358.163367    343.766235    159.555160
57    57    1520300305697077398    361.384960    342.768250    741.608698
58    58    1520300305698334496    364.758692    343.057068    795.482930
59    59    1520300305699588754    368.086801    415.254059    797.284131
60    60    1520300305705927669    360.213647    343.504486    157.755704
61    61    1520300305707190101    363.409628    343.792908    792.121873
62    62    1520300305710133009    363.009274    407.308014    339.799953
63    63    1520300305716021228    356.670142    342.869202    169.830640
64    64    1520300305717322342    359.635371    342.561890    768.572162
65    65    1520300305718582084    362.640630    343.400330    793.813336
66    66    1520300305724902461    355.779786    342.777039    158.218410
67    67    1520300305726200021    358.618964    343.375671    770.677271
68    68    1520300305727465205    361.480850    343.280334    790.398867
69    69    1520300305728721854    364.321231    343.252167    795.767155
70    70    1520300305735080700    357.688069    343.017517    157.261239
71    71    1520300305736335566    360.447239    343.106537    796.897836
72    72    1520300305739234204    360.226139    343.628510    344.989612
73    73    1520300305740598496    362.718833    406.880066    732.980916
74    74    1520300305746178785    357.832859    346.543060    179.202188
75    75    1520300305747525279    360.289370    345.504364    742.669481
76    76    1520300305748779520    362.872411    418.812042    797.294938
77    77    1520300305755124126    356.913410    345.732391    157.614200
78    78    1520300305756415054    359.366429    345.424927    774.636541
79    79    1520300305757683097    361.828254    345.289062    788.616790
80    80    1520300305758947229    364.268408    418.996826    791.056630
81    81    1520300305765274572    358.562665    345.554382    158.044222
82    82    1520300305768062973    358.563458    346.875702    358.628476
83    83    1520300305769352151    360.873685    347.781860    775.688074
84    84    1520300305775084976    356.392259    345.946655    174.434070
85    85    1520300305776365929    358.658809    346.732819    780.668768
86    86    1520300305777721963    360.788900    345.513336    737.444636
87    87    1520300305778988002    363.029897    419.043427    789.865083
88    88    1520300305785348870    357.767161    345.616364    157.211249
89    89    1520300305786617807    359.950927    345.605682    788.061188
90    90    1520300305787930801    362.049168    345.023041    761.618103
91    91    1520300305789198397    364.191038    417.993347    788.894884
92    92    1520300305796515367    357.786374    351.464264    136.668594
93    93    1520300305797880543    359.744142    350.527985    732.506285
94    94    1520300305799166554    361.790601    415.255188    777.598325
95    95    1520300305805587619    356.872156    342.211548    155.737405
96    96    1520300305806926512    358.803727    342.412384    746.885673
97    97    1520300305808193858    360.811280    342.397095    789.050504
98    98    1520300305809490927    362.760671    414.214905    770.969008
99    99    1520300305815837148    358.097668    342.239075    157.574090
100    100    1520300305817141698    359.996897    342.337982    766.547852
101    101    1520300305818397000    361.941784    342.482147    796.621052
102    102    1520300305826431491    355.358956    334.267883    124.463392
103    103    1520300305827740465    357.195920    334.897064    763.957115
104    104    1520300305829081049    358.977642    334.286102    745.943559
105    105    1520300305835398202    354.735154    335.451355    158.299158
106    106    1520300305836667611    356.566962    336.235046    787.768166
107    107    1520300305837999009    358.309633    335.512482    751.090207
108    108    1520300305839299696    360.073502    335.471741    768.824475
109    109    1520300305845603246    355.964566    335.952667    158.640766
110    110    1520300305846892604    357.708100    336.124237    775.579785
111    111    1520300305848149170    359.475036    336.109924    795.819718
112    112    1520300305855603718    354.209774    342.791779    134.146296
113    113    1520300305856893163    355.905840    343.021423    775.527456
114    114    1520300305858236244    357.528677    342.992035    744.556732
115    115    1520300305859489357    359.238081    415.090088    798.012629
116    116    1520300305865840842    355.345393    342.779999    157.443495
117    117    1520300305867105566    357.011202    343.565186    790.686347
118    118    1520300305868380504    358.653270    343.869415    784.351867
119    119    1520300305869669661    360.267386    415.516815    775.700710
120    120    1520300305875972817    356.522948    343.876434    158.650682
121    121    1520300305877271859    358.098764    343.374878    769.798051
122    122    1520300305880318423    357.834110    404.617401    328.238632
123    123    1520300305885926387    354.952352    344.432983    178.317835
124    124    1520300305887245515    356.468835    344.717407    758.076548
125    125    1520300305888555809    357.982935    344.039246    763.187498
126    126    1520300305894896687    354.438754    344.164825    157.706866
127    127    1520300305896236059    355.899260    343.282898    746.618565
128    128    1520300305897515302    357.408462    343.232178    781.712310
129    129    1520300305898782561    358.918877    343.490356    789.104674
130    130    1520300305905088850    355.490306    343.453400    158.571864
131    131    1520300305906367923    356.964955    343.689087    781.816206
132    132    1520300305909408884    356.735581    343.755310    328.843415
133    133    1520300305914920988    354.181342    344.891815    181.418928
134    134    1520300305916240521    355.584309    344.886993    757.843874
135    135    1520300305917551748    356.985341    344.875854    762.644454
136    136    1520300305918870798    358.369428    417.116638    758.121375
137    137    1520300305925262325    355.049132    344.515564    156.457135
138    138    1520300305926603900    356.391819    343.777313    745.392542
139    139    1520300305927936968    357.733077    343.001312    750.149280
140    140    1520300305929263179    359.071498    413.661926    754.027828
141    141    1520300305935545338    355.923966    342.730835    159.180944
142    142    1520300305938774601    355.552570    340.533142    309.668181
143    143    1520300305940091659    356.870305    397.287781    759.268005
144    144    1520300305946320675    353.885584    332.445099    160.539000
145    145    1520300305947591056    355.224807    332.897156    787.165425
146    146    1520300305948863967    356.553588    333.409241    785.600879
147    147    1520300305955146187    353.591191    334.628754    159.179398
148    148    1520300305956455376    354.870350    334.991821    763.831655
149    149    1520300305957749588    356.154221    335.428406    772.670938
150    150    1520300305959086515    357.394089    335.307892    747.983996
151    151    1520300305965389183    354.473099    335.077454    158.662966
152    152    1520300305968240642    354.448159    339.373718    350.697660
153    153    1520300305969553660    355.682894    339.420258    761.604182
154    154    1520300305975367886    353.248849    344.267151    171.991938
155    155    1520300305976848047    354.332595    341.798676    675.602181
156    156    1520300305978218513    355.497356    340.662750    729.678810
157    157    1520300305979493492    356.731803    410.723083    784.326644
158    158    1520300305985994741    353.796400    338.531311    153.816597
159    159    1520300305987277997    355.007839    338.656921    779.267738
160    160    1520300305988555186    356.217181    339.343445    782.969474
161    161    1520300305989853505    357.403045    408.758514    770.226732
162    162    1520300305998218097    353.093291    333.584015    119.551557
163    163    1520300305999493908    354.280389    333.998566    783.815158
164    164    1520300306005316421    352.012994    333.906158    171.747148
165    165    1520300306006642778    353.147118    335.629822    753.944828
166    166    1520300306007961303    354.280745    336.215942    758.423238
167    167    1520300306009264471    355.419596    335.897583    767.360770
168    168    1520300306015572108    352.826928    338.096344    158.537975
169    169    1520300306016884835    353.944632    337.759827    761.773011
170    170    1520300306018180887    355.068537    337.544769    771.573980
171    171    1520300306019459919    356.198963    337.764648    781.841267
172    172    1520300306027827934    352.167001    337.725586    119.502654
173    173    1520300306029170359    353.237355    336.967529    744.920573
174    174    1520300306035209728    350.964447    334.523041    165.580212
175    175    1520300306036486646    352.068356    335.077209    783.135644
176    176    1520300306037847151    353.107748    334.606537    735.021187
177    177    1520300306039148236    354.183385    334.629852    768.589293
178    178    1520300306045459621    351.755705    334.587891    158.443828
179    179    1520300306046730271    352.839789    335.059631    786.998780
180    180    1520300306048048794    353.885359    334.807526    758.424389
181    181    1520300306049335146    354.947821    334.725494    777.392191
182    182    1520300306057202396    351.504873    340.431763    127.109219
183    183    1520300306058456050    352.576657    341.463684    797.668256
184    184    1520300306059719647    353.636583    407.998077    791.391559
185    185    1520300306065449982    351.695721    345.264099    174.509867
186    186    1520300306066732035    352.731483    346.201843    779.998955
187    187    1520300306067986202    353.780812    346.765106    797.341981
188    188    1520300306069267832    354.806906    420.023163    780.256392
189    189    1520300306075543085    352.531218    347.067780    159.356125
190    190    1520300306076813099    353.553525    347.653107    787.392895
191    191    1520300306078144039    354.531148    347.115051    751.348671
192    192    1520300306085503458    351.599675    353.343628    135.880292
193    193    1520300306086777225    352.603220    353.092682    785.072937
194    194    1520300306088045688    353.605530    353.032043    788.355671
195    195    1520300306089385534    354.557450    417.788574    746.354432
196    196    1520300306095652890    352.371427    345.771240    159.556917
197    197    1520300306096944240    353.343953    345.327271    774.383397
198    198    1520300306098284557    354.281120    344.628845    746.092156
199    199    1520300306099587078    355.237671    415.904297    767.741940
200    200    1520300306105947059    353.025893    343.242035    157.233174
201    201    1520300306107208438    353.997987    344.063538    792.783137
202    202    1520300306110144502    353.929362    405.826935    340.592031
203    203    1520300306115862831    352.161847    343.812683    174.876262
204    204    1520300306117165717    353.093969    343.406250    767.526860
205    205    1520300306118446838    354.035159    344.100159    780.566395
206    206    1520300306119705484    354.985895    415.755554    794.504571
207    207    1520300306126087494    352.839135    343.132568    156.690447
208    208    1520300306127393054    353.752030    343.542297    765.954839
209    209    1520300306128701657    354.659078    343.470520    764.173703
210    210    1520300306134993001    352.601485    344.282166    158.948549
211    211    1520300306136298580    353.501331    343.759064    765.943692
212    212    1520300306139191620    353.463673    344.268250    345.657163
213    213    1520300306140564228    354.316072    404.835388    728.540122
214    214    1520300306146218920    352.669927    344.196136    176.844291
215    215    1520300306147532109    353.548688    343.816650    761.505008
216    216    1520300306148792327    354.454346    343.798065    793.513503
217    217    1520300306155094145    352.459704    344.748535    158.684367
218    218    1520300306156372864    353.345978    345.067810    782.032644
219    219    1520300306157653191    354.227686    345.404816    781.050466
220    220    1520300306158949843    355.096451    417.417267    771.216949
221    221    1520300306165247406    353.129990    345.437164    158.791583
222    222    1520300306168104042    353.116113    345.872101    350.062101
223    223    1520300306169395066    353.975956    346.850830    774.578939
224    224    1520300306175125754    352.365215    345.938934    174.499118
225    225    1520300306176455137    353.195963    345.745270    752.228665
226    226    1520300306177754403    354.039895    345.279114    769.665334
227    227    1520300306179023435    354.897115    417.897888    788.002194
228    228    1520300306185363417    352.970357    344.939972    157.729154
229    229    1520300306186632295    353.819715    345.076233    788.097831
230    230    1520300306187906239    354.663004    345.346863    784.963860
231    231    1520300306189222945    355.479708    417.091766    759.470983
232    232    1520300306196361781    353.149059    353.885345    140.078859
233    233    1520300306197653547    353.971686    353.876068    774.134015
234    234    1520300306198920000    354.804664    420.269684    789.606878
235    235    1520300306205274671    352.928361    346.986847    157.364559
236    236    1520300306206549690    353.749313    347.279053    784.302038
237    237    1520300306207797943    354.581285    347.529846    801.119645
238    238    1520300306209085441    355.389427    421.549164    776.700236
239    239    1520300306215338400    353.588724    348.357941    159.924285
240    240    1520300306216593314    354.406767    348.589050    796.867355
241    241    1520300306217875357    355.207650    349.010742    780.005039
242    242    1520300306225454841    352.751036    343.724579    131.935103
243    243    1520300306226728865    353.548820    343.934326    784.914570
244    244    1520300306228014564    354.337680    343.706818    777.787025
245    245    1520300306229348682    355.098792    415.385712    749.558885
246    246    1520300306235617777    353.344732    344.019867    159.512657
247    247    1520300306236891306    354.130109    343.721008    785.219653
248    248    1520300306238174692    354.907648    343.769592    779.188802
249    249    1520300306239432936    355.695070    415.031860    794.758409
250    250    1520300306245753615    353.934936    342.932007    158.210850
251    251    1520300306247027136    354.708054    343.032227    785.224586
252    252    1520300306249978883    354.642160    407.763123    338.782423
253    253    1520300306255904151    353.111062    342.755859    168.768738
254    254    1520300306257246510    353.840943    342.091492    744.957198
255    255    1520300306258499664    354.611923    343.041626    797.986520
256    256    1520300306259748912    355.382151    414.402374    800.481570
257    257    1520300306266087795    353.664921    342.506927    157.756501
258    258    1520300306267344055    354.425369    342.825470    796.013564
259    259    1520300306268613698    355.176713    342.691528    787.622977
260    260    1520300306274932688    353.491388    342.711365    158.253139
261    261    1520300306276203922    354.235864    342.738251    786.637236
262    262    1520300306279073512    354.213626    343.706024    348.481839
263    263    1520300306280453964    354.900607    407.335083    724.400414
264    264    1520300306286257767    353.486962    344.693787    172.300817
265    265    1520300306287519572    354.224666    344.591034    792.515484
266    266    1520300306288823933    354.939814    343.937866    766.658923
267    267    1520300306296986312    352.444881    323.640137    122.513302
268    268    1520300306298337121    353.132656    322.652832    740.297111
269    269    1520300306299590506    353.863172    322.822174    797.839451
270    270    1520300306305929413    352.247376    322.614716    157.755903
271    271    1520300306307231486    352.949834    322.294067    768.006095
272    272    1520300306310280423    352.851447    320.441864    327.983163
273    273    1520300306316019915    351.536153    281.167816    174.231448
274    274    1520300306317311177    352.235596    322.025818    774.436172
275    275    1520300306318588246    352.939136    321.867615    783.043046
276    276    1520300306324892409    351.385194    277.250427    158.625340
277    277    1520300306326195560    352.071724    342.357330    767.370781
278    278    1520300306327456413    352.774857    343.414948    793.113868
279    279    1520300306328702762    353.482225    343.497955    802.343485
280    280    1520300306334972315    351.958937    344.318207    159.501004
281    281    1520300306336239324    352.651817    344.734406    789.260376
282    282    1520300306339083978    352.647863    347.179382    351.536602
283    283    1520300306340445179    353.294710    409.412140    734.645361
284    284    1520300306346129197    352.049402    347.005096    175.931885
285    285    1520300306347396045    352.732676    347.128204    789.360681
286    286    1520300306348649318    353.419726    420.930176    797.910750
287    287    1520300306355003333    351.897727    347.128540    157.380806
288    288    1520300306356266278    352.575517    347.103333    791.800118
289    289    1520300306357581749    353.228621    346.272522    760.183995
290    290    1520300306358915388    353.871817    417.657349    749.828102
291    291    1520300306365207505    352.391528    345.206360    158.929022
292    292    1520300306368063995    352.383587    345.065369    350.079993
293    293    1520300306369355993    353.037692    345.891327    773.995006
294    294    1520300306375166971    351.783799    344.378998    172.088072
295    295    1520300306376473503    352.427196    343.909027    765.385004
296    296    1520300306377773923    353.071161    343.352295    768.982329
297    297    1520300306379089763    353.706663    415.171539    759.970817
298    298    1520300306385404408    352.253433    343.192932    158.362030
299    299    1520300306386670376    352.905200    343.776978    789.909382
300    300    1520300306387987173    353.533921    343.976135    759.418498
301    301    1520300306389305129    354.160220    414.978668    758.750671
302    302    1520300306396447299    352.381481    352.319794    140.013469
303    303    1520300306397743672    353.012237    352.265503    771.382928
304    304    1520300306399014735    353.651476    419.326508    786.743065
305    305    1520300306405414753    352.197366    345.527588    156.249561
306    306    1520300306406688233    352.831179    345.849518    785.249867
307    307    1520300306408002127    353.446747    345.872772    761.096405
308    308    1520300306409297489    354.067980    418.531219    771.984974
309    309    1520300306415570866    352.678652    346.014893    159.403779
310    310    1520300306416837961    353.307019    346.610992    789.206808
311    311    1520300306418112154    353.930729    347.137543    784.810464
312    312    1520300306425600076    352.074514    343.020477    133.548400
313    313    1520300306426898390    352.684295    342.997650    770.229698
314    314    1520300306428203370    353.289658    342.599091    766.295269
315    315    1520300306429543157    353.879458    414.449280    746.387299
316    316    1520300306435817405    352.522383    343.298462    159.381650
317    317    1520300306437123371    353.121599    343.391907    765.716719
318    318    1520300306438429009    353.719208    343.270782    765.909080
319    319    1520300306439688281    354.333280    414.638123    794.109613
320    320    1520300306446044020    352.956585    342.394684    157.338116
321    321    1520300306447315906    353.561680    342.421753    786.233986
322    322    1520300306450266241    353.514480    405.413666    338.944561
323    323    1520300306455886200    352.441126    344.972595    177.937241
324    324    1520300306457194071    353.026664    344.938202    764.601402
325    325    1520300306458458508    353.627202    345.837067    790.865816
326    326    1520300306459717407    354.228219    418.410004    794.344900
327    327    1520300306466067982    352.883868    345.487457    157.466056
328    328    1520300306467354946    353.470318    345.710480    777.022512
329    329    1520300306468613003    354.066130    345.725006    794.876544
330    330    1520300306474936587    352.745767    346.109772    158.138170
331    331    1520300306476196484    353.337049    346.253479    793.715677
332    332    1520300306479051600    353.327693    347.398804    350.248466
333    333    1520300306480436807    353.868633    407.321899    721.913765
334    334    1520300306486231311    352.762440    344.385345    172.577325
335    335    1520300306487513829    353.338272    344.171051    779.716152
336    336    1520300306488773500    353.921044    344.161896    793.858079
337    337    1520300306495091256    352.631553    344.551056    158.284049
338    338    1520300306496351160    353.210567    344.872589    793.711267
339    339    1520300306497630182    353.781024    344.623413    781.847380
340    340    1520300306498902254    354.352524    417.263580    786.119025
341    341    1520300306505195585    353.082606    344.838287    158.898364
342    342    1520300306508092094    353.059233    344.346741    345.243188
343    343    1520300306509411764    353.608229    345.125610    757.765199
344    344    1520300306515235842    352.525677    344.773743    171.700997
345    345    1520300306516538439    353.077540    344.535217    767.697147
346    346    1520300306517897983    353.607417    343.353729    735.540740
347    347    1520300306519160793    354.170692    415.462921    791.884765
348    348    1520300306525482224    352.917918    343.276154    158.192030
349    349    1520300306526762305    353.471593    343.263702    781.200565
350    350    1520300306528088303    354.007442    342.629456    754.148950
351    351    1520300306529364756    354.559554    413.750244    783.420933
352    352    1520300306537160660    352.796459    344.014221    128.272488
353    353    1520300306538430353    353.347498    344.606689    787.591961
