Beat    Tag    Timestamp    Global Rate    Window Rate    Instant Rate
0    0    1520300056112340380    0.000000    0.000000    0.000000
1    1    1520300056114393760    974.003838    487.001923    487.001919
2    2    1520300056123578665    266.944645    177.963104    108.874289
3    3    1520300056130130960    224.838088    168.628555    152.618281
4    4    1520300056132043315    253.769299    203.015427    522.915463
5    5    1520300056133982698    277.234629    231.028870    515.627908
6    6    1520300056140937321    244.781426    209.812637    143.789246
7    7    1520300056142867884    262.058765    229.301422    517.983614
8    8    1520300056144744896    277.739066    246.879166    532.761645
9    9    1520300056151658261    254.337206    228.903488    144.647361
10    10    1520300056153565052    266.830504    242.573181    524.441326
11    11    1520300056160474353    249.304166    217.011093    144.732441
12    12    1520300056164364645    249.883396    245.182297    257.050113
13    13    1520300056171195119    237.873793    243.521362    146.402724
14    14    1520300056173156196    246.646366    243.232773    509.923884
15    15    1520300056180106546    236.106024    216.807571    143.877646
16    16    1520300056182015071    243.991035    243.440796    523.964842
17    17    1520300056183904695    251.522005    243.683655    529.205810
18    18    1520300056190891322    241.881249    216.701508    143.130584
19    19    1520300056192760082    248.695276    243.298233    535.114193
20    20    1520300056194643659    255.153868    243.435715    530.904763
21    21    1520300056201665344    246.291731    242.771545    142.415959
22    22    1520300056210240634    234.932996    217.978943    116.614132
23    23    1520300056212198731    240.340440    243.880951    510.699930
24    24    1520300056214137674    245.586096    244.012680    515.744919
25    25    1520300056221099901    239.059530    243.941971    143.632203
26    26    1520300056222985882    244.022572    244.076202    530.228035
27    27    1520300056229919008    238.138516    217.323669    144.235082
28    28    1520300056231813341    242.732747    244.367218    527.890292
29    29    1520300056233732821    247.132356    244.064713    520.974431
30    30    1520300056240671459    241.562685    217.260010    144.120503
31    31    1520300056242582397    245.696441    244.396881    523.303215
32    32    1520300056251173397    237.695620    244.303085    116.400885
33    33    1520300056253178041    241.412700    244.025589    498.841690
34    34    1520300056260112477    236.851210    217.510437    144.207835
35    35    1520300056262060282    240.448995    244.138367    513.398415
36    36    1520300056263952958    244.043077    244.098465    528.352449
37    37    1520300056270914450    239.635648    243.929550    143.647368
38    38    1520300056272816541    243.026751    243.883408    525.737202
39    39    1520300056274721210    246.334497    243.971527    525.025608
40    40    1520300056281815248    241.923776    243.050049    140.963440
41    41    1520300056283703456    245.093640    243.184387    529.602671
42    42    1520300056292129548    239.169025    244.163574    118.678980
43    43    1520300056294072391    242.114748    244.532562    514.709629
44    44    1520300056301129211    238.361559    243.802933    141.706888
45    45    1520300056303101173    241.139698    243.659439    507.109163
46    46    1520300056310058984    237.711571    216.891388    143.723364
47    47    1520300056311964167    240.452306    243.607040    524.883961
48    48    1520300056313895411    243.109784    243.434158    517.800961
49    49    1520300056320916117    239.721076    216.474091    142.435818
50    50    1520300056322892086    242.220787    243.446198    506.080814
51    51    1520300056324757246    244.801653    243.582870    536.147033
52    52    1520300056333862876    239.253353    239.616653    109.822165
53    53    1520300056340181785    237.006965    216.875534    158.255167
54    54    1520300056342167649    239.310158    243.673996    503.559156
55    55    1520300056344061349    241.669972    244.139587    528.066748
56    56    1520300056351013982    238.819876    244.170441    143.830402
57    57    1520300056352976137    241.028186    243.831253    509.643734
58    58    1520300056359916844    238.310214    217.290054    144.077541
59    59    1520300056361844521    240.476971    244.329086    518.759107
60    60    1520300056363716323    242.664430    244.952530    534.244541
61    61    1520300056370660697    240.012093    217.848557    144.001461
62    62    1520300056374690960    240.136690    244.929443    248.122765
63    63    1520300056381264692    237.985177    243.410233    152.120591
64    64    1520300056383151839    240.019386    243.996521    529.900426
65    65    1520300056390098147    237.617118    217.217529    143.961368
66    66    1520300056392010241    239.568181    243.924683    522.986841
67    67    1520300056393949620    241.469350    244.060287    515.628972
68    68    1520300056400860929    239.151077    244.235519    144.690391
69    69    1520300056402775354    241.017805    244.314606    522.350053
70    70    1520300056404764881    242.797713    243.613922    502.632033
71    71    1520300056411694985    240.517429    243.698639    144.297979
72    72    1520300056420258428    237.076068    219.454803    116.775461
73    73    1520300056422199924    238.817882    244.288345    515.066732
74    74    1520300056424083018    240.583067    244.312531    531.040936
75    75    1520300056431129799    238.401890    243.714294    141.908767
76    76    1520300056433045855    240.095683    243.690750    521.905414
77    77    1520300056440045888    238.018581    216.937286    142.856469
78    78    1520300056441977839    239.657229    243.208939    517.611472
79    79    1520300056443849740    241.320486    243.460739    534.216286
80    80    1520300056450738487    239.363041    217.516113    145.164280
81    81    1520300056452680451    240.935485    243.988937    514.942604
82    82    1520300056461242661    237.888958    243.996277    116.792277
83    83    1520300056463129361    239.460201    244.322922    530.025971
84    84    1520300056470080493    237.602653    217.403244    143.861460
85    85    1520300056471974426    239.131976    244.830246    528.001783
86    86    1520300056473935716    240.600448    244.559402    509.868505
87    87    1520300056480863288    238.791126    244.993561    144.350719
88    88    1520300056482820662    240.228709    244.841064    510.888568
89    89    1520300056484695037    241.705047    244.826218    533.511170
90    90    1520300056491708106    239.872804    244.083298    142.590926
91    91    1520300056493609847    241.299154    244.323181    525.833960
92    92    1520300056502259992    238.510701    243.799393    115.604999
93    93    1520300056504209669    239.875904    243.425644    512.905471
94    94    1520300056511224662    238.164311    243.047806    142.551817
95    95    1520300056513129845    239.527254    242.981369    524.883961
96    96    1520300056520123279    237.871672    216.508484    142.991269
97    97    1520300056522053351    239.191841    242.777008    518.115386
98    98    1520300056523938520    240.525868    243.203339    530.456421
99    99    1520300056530906386    238.910945    216.397049    143.515963
100    100    1520300056532779573    240.224988    243.478027    533.849530
101    101    1520300056534687038    241.507771    243.444107    524.256015
102    102    1520300056543767731    238.742397    240.918930    110.123754
103    103    1520300056550184525    237.527443    217.510208    155.841063
104    104    1520300056552125825    238.752785    244.491821    515.118735
105    105    1520300056554045015    239.979370    244.408127    521.053153
106    106    1520300056560989289    238.493838    244.702133    144.003534
107    107    1520300056563011198    239.642763    244.153458    494.582100
108    108    1520300056570007062    238.164595    217.067871    142.941601
109    109    1520300056571891094    239.364224    243.993439    530.776547
110    110    1520300056573796792    240.542762    243.800049    524.742115
111    111    1520300056580691477    239.136837    217.370331    145.039259
112    112    1520300056584659722    239.244913    244.546677    252.000570
113    113    1520300056591161471    238.084751    244.039673    153.804769
114    114    1520300056593093954    239.207790    244.092178    517.468976
115    115    1520300056600035337    237.853597    217.437057    144.063510
116    116    1520300056601934823    238.973301    244.226868    526.458210
117    117    1520300056603811552    240.095466    245.095901    532.841982
118    118    1520300056610764949    238.752275    245.351288    143.814599
119    119    1520300056612655005    239.849075    245.315033    529.084853
120    120    1520300056614556573    240.932096    245.339890    525.881799
121    121    1520300056621529462    239.596653    244.870071    143.412580
122    122    1520300056630247165    237.494475    219.358643    114.709115
123    123    1520300056632211504    238.520653    243.605164    509.077099
124    124    1520300056634202433    239.526900    243.258804    502.278082
125    125    1520300056641258500    238.222128    242.582062    141.722010
126    126    1520300056643190949    239.238700    242.388245    517.478081
127    127    1520300056650164034    237.996226    215.738190    143.408549
128    128    1520300056652050196    239.017331    242.217270    530.177153
129    129    1520300056653946630    240.026772    242.179855    527.305459
130    130    1520300056660879866    238.815989    215.874115    144.232794
131    131    1520300056662784049    239.806555    242.397278    525.159609
132    132    1520300056671239488    237.967816    243.948120    118.267070
133    133    1520300056673226276    238.907772    243.814590    503.324965
134    134    1520300056680193647    237.737472    217.432831    143.526159
135    135    1520300056682129508    238.684793    244.672211    516.566014
136    136    1520300056684091250    239.614852    244.496979    509.751027
137    137    1520300056691035000    238.467743    244.672470    144.014401
138    138    1520300056692929083    239.412168    244.625046    527.959968
139    139    1520300056699942955    238.256274    217.408676    142.574601
140    140    1520300056701919446    239.153674    243.667206    505.947156
141    141    1520300056703796215    240.085551    243.830093    532.830625
142    142    1520300056712126407    238.418358    244.576996    120.045252
143    143    1520300056714035632    239.323810    245.041855    523.772735
144    144    1520300056721093423    238.191828    244.500122    141.687392
145    145    1520300056722991598    239.089018    244.725616    526.821816
146    146    1520300056729908419    238.030453    218.258789    144.575087
147    147    1520300056731796986    238.919076    245.326614    529.501998
148    148    1520300056733781869    239.765131    244.781357    503.808033
149    149    1520300056740713503    238.711674    245.275101    144.266128
150    150    1520300056742716303    239.539606    245.116913    499.300979
151    151    1520300056744601899    240.406850    245.063889    530.336297
152    152    1520300056753594396    238.594997    241.149857    111.203818
153    153    1520300056760144797    237.726073    216.876617    152.662410
154    154    1520300056762086895    238.554569    243.941269    514.907075
155    155    1520300056764036103    239.375516    243.637970    513.028881
156    156    1520300056771024731    238.353924    243.212479    143.089602
157    157    1520300056772912379    239.186645    243.217911    529.759786
158    158    1520300056779932600    238.169342    216.681290    142.445658
159    159    1520300056781835760    238.985966    243.177307    525.441897
160    160    1520300056783705197    239.810005    243.968521    534.920407
161    161    1520300056790623759    238.838228    217.288040    144.538706
162    162    1520300056794624609    238.903368    243.722839    249.946886
163    163    1520300056801183612    238.080295    243.671753    152.462196
164    164    1520300056803080415    238.874239    243.940994    527.202878
165    165    1520300056810021403    237.931081    217.460800    144.071709
166    166    1520300056811932616    238.710482    244.451645    523.227919
167    167    1520300056813844718    239.485333    244.305603    522.984652
168    168    1520300056820746823    238.563612    245.012634    144.883336
169    169    1520300056822658406    239.329418    244.962082    523.126644
170    170    1520300056824544435    240.099728    244.862549    530.214541
171    171    1520300056831468433    239.178543    244.829956    144.425229
172    172    1520300056840226129    237.674663    219.290939    114.185283
173    173    1520300056842192156    238.404572    243.851624    508.640014
174    174    1520300056844083047    239.155113    243.886780    528.851214
175    175    1520300056851019023    238.263285    243.916595    144.175816
176    176    1520300056852965008    238.987462    243.709900    513.878576
177    177    1520300056859987011    238.080388    216.720901    142.409509
178    178    1520300056861895298    238.808386    243.022369    524.030190
179    179    1520300056863765074    239.544962    243.269531    534.823423
180    180    1520300056870735652    238.661825    216.491379    143.460126
181    181    1520300056872631640    239.381944    242.935394    527.429498
182    182    1520300056881213677    238.010607    243.976532    116.522453
183    183    1520300056883102966    238.724613    244.434174    529.299647
184    184    1520300056890057308    237.875753    217.513016    143.795056
185    185    1520300056891940796    238.583762    244.368698    530.929849
186    186    1520300056893862489    239.276660    244.513840    520.374482
187    187    1520300056900757409    238.452485    245.276001    145.034315
188    188    1520300056902669529    239.140870    245.252945    522.979729
189    189    1520300056904579846    239.826477    245.009323    523.473329
190    190    1520300056911495379    239.002447    245.340210    144.602014
191    191    1520300056913469967    239.661602    244.868011    506.434760
192    192    1520300056922167032    238.322608    244.180237    114.981318
193    193    1520300056924054386    239.000434    244.191772    529.842308
194    194    1520300056931090338    238.167951    243.706100    142.127178
195    195    1520300056932986874    238.836090    243.628632    527.277099
196    196    1520300056939975563    238.027580    216.858231    143.088353
197    197    1520300056941933164    238.671314    242.861359    510.829326
198    198    1520300056943882742    239.314326    242.640640    512.931516
199    199    1520300056950883120    238.509011    215.967438    142.849429
200    200    1520300056952845954    239.141781    241.834610    509.467433
201    201    1520300056954742121    239.790578    242.294113    527.379709
202    202    1520300056963803211    238.413226    240.175735    110.361998
203    203    1520300056970116384    237.824326    217.098694    158.398954
204    204    1520300056971997598    238.467142    244.455383    531.571634
205    205    1520300056973937322    239.090914    244.197571    515.537262
206    206    1520300056980888794    238.328683    244.419708    143.854424
207    207    1520300056982905215    238.925341    244.068817    495.928182
208    208    1520300056984820385    239.547037    244.273956    522.146859
209    209    1520300056991797596    238.783645    244.412277    143.323744
210    210    1520300056993703931    239.401777    244.750244    524.566773
211    211    1520300057000677962    238.648014    217.694946    143.389096
212    212    1520300057004756591    238.677870    244.180084    245.180427
213    213    1520300057011229729    238.071572    243.230026    154.484579
214    214    1520300057013231719    238.652533    242.517609    499.502995
215    215    1520300057020239146    237.911988    215.974213    142.705732
216    216    1520300057022145013    238.512745    242.387695    524.695585
217    217    1520300057024028063    239.116974    243.173828    531.053344
218    218    1520300057030943674    238.405416    216.810211    144.600383
219    219    1520300057032809800    239.008483    243.829849    535.869496
220    220    1520300057034740545    239.592325    243.684814    517.934787
221    221    1520300057041709721    238.871663    243.713654    143.488986
222    222    1520300057050233614    237.766935    219.891251    117.317287
223    223    1520300057052124770    238.352544    244.528427    528.777108
224    224    1520300057054077531    238.920170    244.823135    512.095438
225    225    1520300057061059813    238.215844    244.973953    143.219652
226    226    1520300057062956834    238.792416    245.027054    527.142293
227    227    1520300057069887580    238.108367    218.057251    144.284612
228    228    1520300057071791732    238.678073    244.809677    525.168159
229    229    1520300057073694618    239.245838    244.589569    525.517556
230    230    1520300057080591176    238.574552    218.099518    144.999868
231    231    1520300057082542744    239.125371    244.899826    512.408484
232    232    1520300057091182889    238.036250    244.204575    115.738798
233    233    1520300057093171247    238.573242    243.626266    502.927541
234    234    1520300057100099818    237.912179    217.286041    144.329906
235    235    1520300057102039364    238.456343    244.024155    515.584575
236    236    1520300057103958908    239.003199    243.890091    520.957061
237    237    1520300057110909190    238.341111    243.773956    143.879054
238    238    1520300057112775336    238.896091    244.000015    535.863753
239    239    1520300057114670070    239.442174    244.048553    527.778569
240    240    1520300057121609750    238.786599    243.791992    144.098863
241    241    1520300057123497334    239.329808    244.172882    529.777748
242    242    1520300057132122622    238.286165    244.261490    115.938158
243    243    1520300057134064071    238.812119    244.541672    515.079201
244    244    1520300057141141716    238.141215    243.653458    141.289935
245    245    1520300057143025314    238.676235    243.986053    530.898844
246    246    1520300057149965894    238.043491    217.358292    144.080178
247    247    1520300057151870400    238.569349    244.133408    525.070543
248    248    1520300057153788657    239.090126    243.823227    521.306582
249    249    1520300057160721690    238.462855    217.147629    144.237017
250    250    1520300057162639935    238.979440    243.723007    521.309843
251    251    1520300057164525155    239.501660    243.737061    530.442070
252    252    1520300057173678206    238.378388    240.641541    109.253188
253    253    1520300057180251964    237.847406    216.506943    152.119990
254    254    1520300057182261813    238.335257    243.190079    497.549816
255    255    1520300057184151394    238.848077    243.154709    529.217853
256    256    1520300057191095507    238.237570    243.133820    144.006873
257    257    1520300057193020273    238.738596    243.014114    519.543674
258    258    1520300057199951789    238.136524    216.623093    144.268584
259    259    1520300057201927318    238.622538    242.685303    506.193531
260    260    1520300057203892789    239.108995    242.407471    508.783900
261    261    1520300057210802929    238.515187    216.086441    144.714868
262    262    1520300057214767744    238.564470    243.370956    252.218578
263    263    1520300057221252179    238.071234    243.901154    154.215441
264    264    1520300057223201084    238.553762    244.264252    513.108643
265    265    1520300057230139281    237.967670    217.448578    144.129664
266    266    1520300057232097499    238.444566    243.890579    510.668373
267    267    1520300057234030547    238.925158    243.841324    517.317728
268    268    1520300057241043280    238.326667    243.359390    142.597758
269    269    1520300057242932122    238.812995    243.873856    529.424907
270    270    1520300057244805373    239.300995    244.423569    533.831291
271    271    1520300057251815848    238.706324    243.825607    142.643687
272    272    1520300057260266927    237.820095    219.784149    118.328086
273    273    1520300057262207422    238.288419    244.168991    515.332428
274    274    1520300057264095117    238.766112    244.534454    529.746596
275    275    1520300057271053634    238.195256    244.413010    143.708782
276    276    1520300057272942177    238.669284    244.829941    529.508727
277    277    1520300057279916603    238.100087    217.931137    143.380975
278    278    1520300057281854874    238.560532    245.028412    515.923728
279    279    1520300057283732412    239.031846    245.096298    532.612389
280    280    1520300057290667056    238.473766    218.046936    144.203509
281    281    1520300057292552451    238.940108    245.479477    530.392835
282    282    1520300057301230266    238.037184    244.120712    115.236382
283    283    1520300057303172048    238.488787    244.113068    514.990869
284    284    1520300057310144146    237.935468    217.159836    143.428850
285    285    1520300057312053761    238.390273    243.901688    523.665765
286    286    1520300057313995862    238.837174    243.583496    514.906279
287    287    1520300057320993876    238.281692    243.443619    142.897685
288    288    1520300057322923792    238.727870    243.493149    518.157267
289    289    1520300057329919922    238.177458    216.508743    142.936166
290    290    1520300057331923606    238.606102    242.385757    499.080693
291    291    1520300057333824566    239.053443    242.294342    526.049996
292    292    1520300057342146311    238.248973    244.402893    120.167104
293    293    1520300057344045569    238.693482    244.657181    526.521410
294    294    1520300057351055769    238.149944    244.429321    142.649282
295    295    1520300057352942762    238.593770    244.564560    529.943672
296    296    1520300057359909616    238.062940    217.799652    143.536810
297    297    1520300057361964243    238.471758    244.078842    486.706346
298    298    1520300057363892964    238.903266    244.085968    518.478308
299    299    1520300057370840944    238.378916    244.373169    143.926724
300    300    1520300057372790746    238.803533    244.695374    512.872589
301    301    1520300057374766975    239.221830    244.245514    506.014232
302    302    1520300057383806009    238.307661    240.040146    110.631291
303    303    1520300057390141505    237.908696    216.938873    157.840838
304    304    1520300057392035586    238.338003    244.022568    527.960525
305    305    1520300057394005163    238.751976    243.531799    507.723232
306    306    1520300057400960003    238.239427    243.603058    143.784760
307    307    1520300057402961060    238.644867    243.921371    499.735890
308    308    1520300057409885383    238.142029    217.427139    144.418451
309    309    1520300057411761841    238.567708    244.373917    532.918936
310    310    1520300057413686753    238.983261    244.522644    519.504268
311    311    1520300057420618627    238.481379    218.094666    144.261133
312    312    1520300057424681337    238.505091    244.646362    246.141123
313    313    1520300057431254444    238.074647    243.232422    152.135056
314    314    1520300057433275854    238.467364    242.481461    494.704192
315    315    1520300057440234868    237.970714    216.311142    143.698518
316    316    1520300057442171217    238.376184    242.652390    516.435828
317    317    1520300057444078817    238.785629    243.203918    524.218914
318    318    1520300057451069121    238.285763    242.814285    143.055295
319    319    1520300057452960121    238.695575    242.728577    528.820730
320    320    1520300057459937992    238.201669    216.210419    143.310187
321    321    1520300057461859793    238.603459    242.476181    520.345239
322    322    1520300057470247399    237.866066    219.461594    119.223531
323    323    1520300057472140598    238.270296    244.581573    528.206491
324    324    1520300057474086411    238.664180    245.034637    513.924000
325    325    1520300057481066706    238.177636    244.906937    143.260421
326    326    1520300057482956503    238.578837    245.186462    529.157365
327    327    1520300057489878209    238.105984    218.343521    144.473053
328    328    1520300057491790432    238.500843    245.571671    522.951560
329    329    1520300057493697174    238.895556    245.476761    524.454803
330    330    1520300057500673013    238.415486    245.489014    143.351932
331    331    1520300057502592583    238.805592    245.502457    520.950004
332    332    1520300057511206779    238.049895    244.144318    116.087444
333    333    1520300057513293844    238.409061    242.994202    479.141761
334    334    1520300057520268164    237.938340    216.535736    143.383154
335    335    1520300057522248485    238.313404    242.825836    504.968639
336    336    1520300057524142926    238.701935    242.798462    527.860197
337    337    1520300057531102310    238.235882    242.576553    143.690878
338    338    1520300057533034247    238.615797    242.460602    517.615222
339    339    1520300057539968615    238.157240    216.116028    144.209249
340    340    1520300057541890459    238.536589    242.615723    520.333596
341    341    1520300057543775348    238.921088    242.820023    530.535220
342    342    1520300057552183827    238.220343    244.039062    118.927573
343    343    1520300057554150618    238.588956    244.757446    508.442432
344    344    1520300057561218988    238.115187    244.195328    141.475333
345    345    1520300057563120214    238.492424    244.667892    525.976396
346    346    1520300057570135316    238.030735    217.427277    142.549602
347    347    1520300057572049580    238.403649    244.216522    522.393985
348    348    1520300057573993679    238.770713    244.144012    514.377097
349    349    1520300057580917170    238.325978    244.208862    144.435806
350    350    1520300057582903820    238.684024    243.822983    503.359928
351    351    1520300057584783405    239.058486    243.854523    532.032337
352    352    1520300057593818449    238.275549    240.184723    110.680147
353    353    1520300057600141709    237.934994    217.433426    158.146273
